The system is: Linux - 4.10.0-28-generic - x86_64
Compiling the C compiler identification source file "CMakeCCompilerId.c" succeeded.
Compiler: /home/shenjun/tools/gcc-linaro-5.4.1-2017.01-i686_arm-linux-gnueabihf/bin/arm-linux-gnueabihf-gcc 
Build flags: 
Id flags:  

The output was:
0


Compilation of the C compiler identification source "CMakeCCompilerId.c" produced "a.out"

The C compiler identification is GNU, found in "/home/shenjun/development/ttsDemo/cmake-build-debug-arm-linux-gnueabihf_32/CMakeFiles/3.12.2/CompilerIdC/a.out"

Compiling the CXX compiler identification source file "CMakeCXXCompilerId.cpp" succeeded.
Compiler: /home/shenjun/tools/gcc-linaro-5.4.1-2017.01-i686_arm-linux-gnueabihf/bin/arm-linux-gnueabihf-g++ 
Build flags: 
Id flags:  

The output was:
0


Compilation of the CXX compiler identification source "CMakeCXXCompilerId.cpp" produced "a.out"

The CXX compiler identification is GNU, found in "/home/shenjun/development/ttsDemo/cmake-build-debug-arm-linux-gnueabihf_32/CMakeFiles/3.12.2/CompilerIdCXX/a.out"

Determining if the C compiler works passed with the following output:
Change Dir: /home/shenjun/development/ttsDemo/cmake-build-debug-arm-linux-gnueabihf_32/CMakeFiles/CMakeTmp

Run Build Command:"/usr/bin/make" "cmTC_b71f6/fast"
/usr/bin/make -f CMakeFiles/cmTC_b71f6.dir/build.make CMakeFiles/cmTC_b71f6.dir/build
make[1]: Entering directory '/home/shenjun/development/ttsDemo/cmake-build-debug-arm-linux-gnueabihf_32/CMakeFiles/CMakeTmp'
Building C object CMakeFiles/cmTC_b71f6.dir/testCCompiler.c.o
/home/shenjun/tools/gcc-linaro-5.4.1-2017.01-i686_arm-linux-gnueabihf/bin/arm-linux-gnueabihf-gcc    -o CMakeFiles/cmTC_b71f6.dir/testCCompiler.c.o   -c /home/shenjun/development/ttsDemo/cmake-build-debug-arm-linux-gnueabihf_32/CMakeFiles/CMakeTmp/testCCompiler.c
Linking C executable cmTC_b71f6
/home/shenjun/tools/cmake-3.12.2/bin/cmake -E cmake_link_script CMakeFiles/cmTC_b71f6.dir/link.txt --verbose=1
/home/shenjun/tools/gcc-linaro-5.4.1-2017.01-i686_arm-linux-gnueabihf/bin/arm-linux-gnueabihf-gcc      CMakeFiles/cmTC_b71f6.dir/testCCompiler.c.o  -o cmTC_b71f6 
make[1]: Leaving directory '/home/shenjun/development/ttsDemo/cmake-build-debug-arm-linux-gnueabihf_32/CMakeFiles/CMakeTmp'


Detecting C compiler ABI info compiled with the following output:
Change Dir: /home/shenjun/development/ttsDemo/cmake-build-debug-arm-linux-gnueabihf_32/CMakeFiles/CMakeTmp

Run Build Command:"/usr/bin/make" "cmTC_a72c3/fast"
/usr/bin/make -f CMakeFiles/cmTC_a72c3.dir/build.make CMakeFiles/cmTC_a72c3.dir/build
make[1]: Entering directory '/home/shenjun/development/ttsDemo/cmake-build-debug-arm-linux-gnueabihf_32/CMakeFiles/CMakeTmp'
Building C object CMakeFiles/cmTC_a72c3.dir/CMakeCCompilerABI.c.o
/home/shenjun/tools/gcc-linaro-5.4.1-2017.01-i686_arm-linux-gnueabihf/bin/arm-linux-gnueabihf-gcc    -o CMakeFiles/cmTC_a72c3.dir/CMakeCCompilerABI.c.o   -c /home/shenjun/tools/cmake-3.12.2/Modules/CMakeCCompilerABI.c
Linking C executable cmTC_a72c3
/home/shenjun/tools/cmake-3.12.2/bin/cmake -E cmake_link_script CMakeFiles/cmTC_a72c3.dir/link.txt --verbose=1
/home/shenjun/tools/gcc-linaro-5.4.1-2017.01-i686_arm-linux-gnueabihf/bin/arm-linux-gnueabihf-gcc     -v CMakeFiles/cmTC_a72c3.dir/CMakeCCompilerABI.c.o  -o cmTC_a72c3 
Using built-in specs.
COLLECT_GCC=/home/shenjun/tools/gcc-linaro-5.4.1-2017.01-i686_arm-linux-gnueabihf/bin/arm-linux-gnueabihf-gcc
COLLECT_LTO_WRAPPER=/home/shenjun/tools/gcc-linaro-5.4.1-2017.01-i686_arm-linux-gnueabihf/bin/../libexec/gcc/arm-linux-gnueabihf/5.4.1/lto-wrapper
Target: arm-linux-gnueabihf
Configured with: /home/tcwg-buildslave/workspace/tcwg-make-release/label/docker-trusty-i386-tcwg-build/target/arm-linux-gnueabihf/snapshots/gcc-linaro-5.4-2017.01/configure SHELL=/bin/bash --with-mpc=/home/tcwg-buildslave/workspace/tcwg-make-release/label/docker-trusty-i386-tcwg-build/target/arm-linux-gnueabihf/_build/builds/destdir/i686-pc-linux-gnu --with-mpfr=/home/tcwg-buildslave/workspace/tcwg-make-release/label/docker-trusty-i386-tcwg-build/target/arm-linux-gnueabihf/_build/builds/destdir/i686-pc-linux-gnu --with-gmp=/home/tcwg-buildslave/workspace/tcwg-make-release/label/docker-trusty-i386-tcwg-build/target/arm-linux-gnueabihf/_build/builds/destdir/i686-pc-linux-gnu --with-gnu-as --with-gnu-ld --disable-libmudflap --enable-lto --enable-objc-gc --enable-shared --without-included-gettext --enable-nls --disable-sjlj-exceptions --enable-gnu-unique-object --enable-linker-build-id --disable-libstdcxx-pch --enable-c99 --enable-clocale=gnu --enable-libstdcxx-debug --enable-long-long --with-cloog=no --with-ppl=no --with-isl=no --disable-multilib --with-float=hard --with-mode=thumb --with-tune=cortex-a9 --with-arch=armv7-a --with-fpu=vfpv3-d16 --enable-threads=posix --enable-multiarch --enable-libstdcxx-time=yes --with-build-sysroot=/home/tcwg-buildslave/workspace/tcwg-make-release/label/docker-trusty-i386-tcwg-build/target/arm-linux-gnueabihf/_build/sysroots/arm-linux-gnueabihf --with-sysroot=/home/tcwg-buildslave/workspace/tcwg-make-release/label/docker-trusty-i386-tcwg-build/target/arm-linux-gnueabihf/_build/builds/destdir/i686-pc-linux-gnu/arm-linux-gnueabihf/libc --enable-checking=release --disable-bootstrap --enable-languages=c,c++,fortran,lto --build=i686-pc-linux-gnu --host=i686-pc-linux-gnu --target=arm-linux-gnueabihf --prefix=/home/tcwg-buildslave/workspace/tcwg-make-release/label/docker-trusty-i386-tcwg-build/target/arm-linux-gnueabihf/_build/builds/destdir/i686-pc-linux-gnu
Thread model: posix
gcc version 5.4.1 20161213 (Linaro GCC 5.4-2017.01) 
COMPILER_PATH=/home/shenjun/tools/gcc-linaro-5.4.1-2017.01-i686_arm-linux-gnueabihf/bin/../libexec/gcc/arm-linux-gnueabihf/5.4.1/:/home/shenjun/tools/gcc-linaro-5.4.1-2017.01-i686_arm-linux-gnueabihf/bin/../libexec/gcc/arm-linux-gnueabihf/:/home/shenjun/tools/gcc-linaro-5.4.1-2017.01-i686_arm-linux-gnueabihf/bin/../libexec/gcc/:/home/shenjun/tools/gcc-linaro-5.4.1-2017.01-i686_arm-linux-gnueabihf/bin/../lib/gcc/arm-linux-gnueabihf/5.4.1/../../../../arm-linux-gnueabihf/bin/
LIBRARY_PATH=/home/shenjun/tools/gcc-linaro-5.4.1-2017.01-i686_arm-linux-gnueabihf/bin/../lib/gcc/arm-linux-gnueabihf/5.4.1/:/home/shenjun/tools/gcc-linaro-5.4.1-2017.01-i686_arm-linux-gnueabihf/bin/../lib/gcc/arm-linux-gnueabihf/:/home/shenjun/tools/gcc-linaro-5.4.1-2017.01-i686_arm-linux-gnueabihf/bin/../lib/gcc/:/home/shenjun/tools/gcc-linaro-5.4.1-2017.01-i686_arm-linux-gnueabihf/bin/../lib/gcc/arm-linux-gnueabihf/5.4.1/../../../../arm-linux-gnueabihf/lib/:/home/shenjun/tools/gcc-linaro-5.4.1-2017.01-i686_arm-linux-gnueabihf/bin/../arm-linux-gnueabihf/libc/lib/:/home/shenjun/tools/gcc-linaro-5.4.1-2017.01-i686_arm-linux-gnueabihf/bin/../arm-linux-gnueabihf/libc/usr/lib/
COLLECT_GCC_OPTIONS='-v' '-o' 'cmTC_a72c3' '-march=armv7-a' '-mtune=cortex-a9' '-mfloat-abi=hard' '-mfpu=vfpv3-d16' '-mthumb' '-mtls-dialect=gnu'
 /home/shenjun/tools/gcc-linaro-5.4.1-2017.01-i686_arm-linux-gnueabihf/bin/../libexec/gcc/arm-linux-gnueabihf/5.4.1/collect2 -plugin /home/shenjun/tools/gcc-linaro-5.4.1-2017.01-i686_arm-linux-gnueabihf/bin/../libexec/gcc/arm-linux-gnueabihf/5.4.1/liblto_plugin.so -plugin-opt=/home/shenjun/tools/gcc-linaro-5.4.1-2017.01-i686_arm-linux-gnueabihf/bin/../libexec/gcc/arm-linux-gnueabihf/5.4.1/lto-wrapper -plugin-opt=-fresolution=/tmp/cc5k6ARJ.res -plugin-opt=-pass-through=-lgcc -plugin-opt=-pass-through=-lgcc_s -plugin-opt=-pass-through=-lc -plugin-opt=-pass-through=-lgcc -plugin-opt=-pass-through=-lgcc_s --sysroot=/home/shenjun/tools/gcc-linaro-5.4.1-2017.01-i686_arm-linux-gnueabihf/bin/../arm-linux-gnueabihf/libc --build-id --eh-frame-hdr -dynamic-linker /lib/ld-linux-armhf.so.3 -X -m armelf_linux_eabi -o cmTC_a72c3 /home/shenjun/tools/gcc-linaro-5.4.1-2017.01-i686_arm-linux-gnueabihf/bin/../arm-linux-gnueabihf/libc/usr/lib/crt1.o /home/shenjun/tools/gcc-linaro-5.4.1-2017.01-i686_arm-linux-gnueabihf/bin/../arm-linux-gnueabihf/libc/usr/lib/crti.o /home/shenjun/tools/gcc-linaro-5.4.1-2017.01-i686_arm-linux-gnueabihf/bin/../lib/gcc/arm-linux-gnueabihf/5.4.1/crtbegin.o -L/home/shenjun/tools/gcc-linaro-5.4.1-2017.01-i686_arm-linux-gnueabihf/bin/../lib/gcc/arm-linux-gnueabihf/5.4.1 -L/home/shenjun/tools/gcc-linaro-5.4.1-2017.01-i686_arm-linux-gnueabihf/bin/../lib/gcc/arm-linux-gnueabihf -L/home/shenjun/tools/gcc-linaro-5.4.1-2017.01-i686_arm-linux-gnueabihf/bin/../lib/gcc -L/home/shenjun/tools/gcc-linaro-5.4.1-2017.01-i686_arm-linux-gnueabihf/bin/../lib/gcc/arm-linux-gnueabihf/5.4.1/../../../../arm-linux-gnueabihf/lib -L/home/shenjun/tools/gcc-linaro-5.4.1-2017.01-i686_arm-linux-gnueabihf/bin/../arm-linux-gnueabihf/libc/lib -L/home/shenjun/tools/gcc-linaro-5.4.1-2017.01-i686_arm-linux-gnueabihf/bin/../arm-linux-gnueabihf/libc/usr/lib CMakeFiles/cmTC_a72c3.dir/CMakeCCompilerABI.c.o -lgcc --as-needed -lgcc_s --no-as-needed -lc -lgcc --as-needed -lgcc_s --no-as-needed /home/shenjun/tools/gcc-linaro-5.4.1-2017.01-i686_arm-linux-gnueabihf/bin/../lib/gcc/arm-linux-gnueabihf/5.4.1/crtend.o /home/shenjun/tools/gcc-linaro-5.4.1-2017.01-i686_arm-linux-gnueabihf/bin/../arm-linux-gnueabihf/libc/usr/lib/crtn.o
make[1]: Leaving directory '/home/shenjun/development/ttsDemo/cmake-build-debug-arm-linux-gnueabihf_32/CMakeFiles/CMakeTmp'


Parsed C implicit link information from above output:
  link line regex: [^( *|.*[/\])(ld|CMAKE_LINK_STARTFILE-NOTFOUND|([^/\]+-)?ld|collect2)[^/\]*( |$)]
  ignore line: [Change Dir: /home/shenjun/development/ttsDemo/cmake-build-debug-arm-linux-gnueabihf_32/CMakeFiles/CMakeTmp]
  ignore line: []
  ignore line: [Run Build Command:"/usr/bin/make" "cmTC_a72c3/fast"]
  ignore line: [/usr/bin/make -f CMakeFiles/cmTC_a72c3.dir/build.make CMakeFiles/cmTC_a72c3.dir/build]
  ignore line: [make[1]: Entering directory '/home/shenjun/development/ttsDemo/cmake-build-debug-arm-linux-gnueabihf_32/CMakeFiles/CMakeTmp']
  ignore line: [Building C object CMakeFiles/cmTC_a72c3.dir/CMakeCCompilerABI.c.o]
  ignore line: [/home/shenjun/tools/gcc-linaro-5.4.1-2017.01-i686_arm-linux-gnueabihf/bin/arm-linux-gnueabihf-gcc    -o CMakeFiles/cmTC_a72c3.dir/CMakeCCompilerABI.c.o   -c /home/shenjun/tools/cmake-3.12.2/Modules/CMakeCCompilerABI.c]
  ignore line: [Linking C executable cmTC_a72c3]
  ignore line: [/home/shenjun/tools/cmake-3.12.2/bin/cmake -E cmake_link_script CMakeFiles/cmTC_a72c3.dir/link.txt --verbose=1]
  ignore line: [/home/shenjun/tools/gcc-linaro-5.4.1-2017.01-i686_arm-linux-gnueabihf/bin/arm-linux-gnueabihf-gcc     -v CMakeFiles/cmTC_a72c3.dir/CMakeCCompilerABI.c.o  -o cmTC_a72c3 ]
  ignore line: [Using built-in specs.]
  ignore line: [COLLECT_GCC=/home/shenjun/tools/gcc-linaro-5.4.1-2017.01-i686_arm-linux-gnueabihf/bin/arm-linux-gnueabihf-gcc]
  ignore line: [COLLECT_LTO_WRAPPER=/home/shenjun/tools/gcc-linaro-5.4.1-2017.01-i686_arm-linux-gnueabihf/bin/../libexec/gcc/arm-linux-gnueabihf/5.4.1/lto-wrapper]
  ignore line: [Target: arm-linux-gnueabihf]
  ignore line: [Configured with: /home/tcwg-buildslave/workspace/tcwg-make-release/label/docker-trusty-i386-tcwg-build/target/arm-linux-gnueabihf/snapshots/gcc-linaro-5.4-2017.01/configure SHELL=/bin/bash --with-mpc=/home/tcwg-buildslave/workspace/tcwg-make-release/label/docker-trusty-i386-tcwg-build/target/arm-linux-gnueabihf/_build/builds/destdir/i686-pc-linux-gnu --with-mpfr=/home/tcwg-buildslave/workspace/tcwg-make-release/label/docker-trusty-i386-tcwg-build/target/arm-linux-gnueabihf/_build/builds/destdir/i686-pc-linux-gnu --with-gmp=/home/tcwg-buildslave/workspace/tcwg-make-release/label/docker-trusty-i386-tcwg-build/target/arm-linux-gnueabihf/_build/builds/destdir/i686-pc-linux-gnu --with-gnu-as --with-gnu-ld --disable-libmudflap --enable-lto --enable-objc-gc --enable-shared --without-included-gettext --enable-nls --disable-sjlj-exceptions --enable-gnu-unique-object --enable-linker-build-id --disable-libstdcxx-pch --enable-c99 --enable-clocale=gnu --enable-libstdcxx-debug --enable-long-long --with-cloog=no --with-ppl=no --with-isl=no --disable-multilib --with-float=hard --with-mode=thumb --with-tune=cortex-a9 --with-arch=armv7-a --with-fpu=vfpv3-d16 --enable-threads=posix --enable-multiarch --enable-libstdcxx-time=yes --with-build-sysroot=/home/tcwg-buildslave/workspace/tcwg-make-release/label/docker-trusty-i386-tcwg-build/target/arm-linux-gnueabihf/_build/sysroots/arm-linux-gnueabihf --with-sysroot=/home/tcwg-buildslave/workspace/tcwg-make-release/label/docker-trusty-i386-tcwg-build/target/arm-linux-gnueabihf/_build/builds/destdir/i686-pc-linux-gnu/arm-linux-gnueabihf/libc --enable-checking=release --disable-bootstrap --enable-languages=c,c++,fortran,lto --build=i686-pc-linux-gnu --host=i686-pc-linux-gnu --target=arm-linux-gnueabihf --prefix=/home/tcwg-buildslave/workspace/tcwg-make-release/label/docker-trusty-i386-tcwg-build/target/arm-linux-gnueabihf/_build/builds/destdir/i686-pc-linux-gnu]
  ignore line: [Thread model: posix]
  ignore line: [gcc version 5.4.1 20161213 (Linaro GCC 5.4-2017.01) ]
  ignore line: [COMPILER_PATH=/home/shenjun/tools/gcc-linaro-5.4.1-2017.01-i686_arm-linux-gnueabihf/bin/../libexec/gcc/arm-linux-gnueabihf/5.4.1/:/home/shenjun/tools/gcc-linaro-5.4.1-2017.01-i686_arm-linux-gnueabihf/bin/../libexec/gcc/arm-linux-gnueabihf/:/home/shenjun/tools/gcc-linaro-5.4.1-2017.01-i686_arm-linux-gnueabihf/bin/../libexec/gcc/:/home/shenjun/tools/gcc-linaro-5.4.1-2017.01-i686_arm-linux-gnueabihf/bin/../lib/gcc/arm-linux-gnueabihf/5.4.1/../../../../arm-linux-gnueabihf/bin/]
  ignore line: [LIBRARY_PATH=/home/shenjun/tools/gcc-linaro-5.4.1-2017.01-i686_arm-linux-gnueabihf/bin/../lib/gcc/arm-linux-gnueabihf/5.4.1/:/home/shenjun/tools/gcc-linaro-5.4.1-2017.01-i686_arm-linux-gnueabihf/bin/../lib/gcc/arm-linux-gnueabihf/:/home/shenjun/tools/gcc-linaro-5.4.1-2017.01-i686_arm-linux-gnueabihf/bin/../lib/gcc/:/home/shenjun/tools/gcc-linaro-5.4.1-2017.01-i686_arm-linux-gnueabihf/bin/../lib/gcc/arm-linux-gnueabihf/5.4.1/../../../../arm-linux-gnueabihf/lib/:/home/shenjun/tools/gcc-linaro-5.4.1-2017.01-i686_arm-linux-gnueabihf/bin/../arm-linux-gnueabihf/libc/lib/:/home/shenjun/tools/gcc-linaro-5.4.1-2017.01-i686_arm-linux-gnueabihf/bin/../arm-linux-gnueabihf/libc/usr/lib/]
  ignore line: [COLLECT_GCC_OPTIONS='-v' '-o' 'cmTC_a72c3' '-march=armv7-a' '-mtune=cortex-a9' '-mfloat-abi=hard' '-mfpu=vfpv3-d16' '-mthumb' '-mtls-dialect=gnu']
  link line: [ /home/shenjun/tools/gcc-linaro-5.4.1-2017.01-i686_arm-linux-gnueabihf/bin/../libexec/gcc/arm-linux-gnueabihf/5.4.1/collect2 -plugin /home/shenjun/tools/gcc-linaro-5.4.1-2017.01-i686_arm-linux-gnueabihf/bin/../libexec/gcc/arm-linux-gnueabihf/5.4.1/liblto_plugin.so -plugin-opt=/home/shenjun/tools/gcc-linaro-5.4.1-2017.01-i686_arm-linux-gnueabihf/bin/../libexec/gcc/arm-linux-gnueabihf/5.4.1/lto-wrapper -plugin-opt=-fresolution=/tmp/cc5k6ARJ.res -plugin-opt=-pass-through=-lgcc -plugin-opt=-pass-through=-lgcc_s -plugin-opt=-pass-through=-lc -plugin-opt=-pass-through=-lgcc -plugin-opt=-pass-through=-lgcc_s --sysroot=/home/shenjun/tools/gcc-linaro-5.4.1-2017.01-i686_arm-linux-gnueabihf/bin/../arm-linux-gnueabihf/libc --build-id --eh-frame-hdr -dynamic-linker /lib/ld-linux-armhf.so.3 -X -m armelf_linux_eabi -o cmTC_a72c3 /home/shenjun/tools/gcc-linaro-5.4.1-2017.01-i686_arm-linux-gnueabihf/bin/../arm-linux-gnueabihf/libc/usr/lib/crt1.o /home/shenjun/tools/gcc-linaro-5.4.1-2017.01-i686_arm-linux-gnueabihf/bin/../arm-linux-gnueabihf/libc/usr/lib/crti.o /home/shenjun/tools/gcc-linaro-5.4.1-2017.01-i686_arm-linux-gnueabihf/bin/../lib/gcc/arm-linux-gnueabihf/5.4.1/crtbegin.o -L/home/shenjun/tools/gcc-linaro-5.4.1-2017.01-i686_arm-linux-gnueabihf/bin/../lib/gcc/arm-linux-gnueabihf/5.4.1 -L/home/shenjun/tools/gcc-linaro-5.4.1-2017.01-i686_arm-linux-gnueabihf/bin/../lib/gcc/arm-linux-gnueabihf -L/home/shenjun/tools/gcc-linaro-5.4.1-2017.01-i686_arm-linux-gnueabihf/bin/../lib/gcc -L/home/shenjun/tools/gcc-linaro-5.4.1-2017.01-i686_arm-linux-gnueabihf/bin/../lib/gcc/arm-linux-gnueabihf/5.4.1/../../../../arm-linux-gnueabihf/lib -L/home/shenjun/tools/gcc-linaro-5.4.1-2017.01-i686_arm-linux-gnueabihf/bin/../arm-linux-gnueabihf/libc/lib -L/home/shenjun/tools/gcc-linaro-5.4.1-2017.01-i686_arm-linux-gnueabihf/bin/../arm-linux-gnueabihf/libc/usr/lib CMakeFiles/cmTC_a72c3.dir/CMakeCCompilerABI.c.o -lgcc --as-needed -lgcc_s --no-as-needed -lc -lgcc --as-needed -lgcc_s --no-as-needed /home/shenjun/tools/gcc-linaro-5.4.1-2017.01-i686_arm-linux-gnueabihf/bin/../lib/gcc/arm-linux-gnueabihf/5.4.1/crtend.o /home/shenjun/tools/gcc-linaro-5.4.1-2017.01-i686_arm-linux-gnueabihf/bin/../arm-linux-gnueabihf/libc/usr/lib/crtn.o]
    arg [/home/shenjun/tools/gcc-linaro-5.4.1-2017.01-i686_arm-linux-gnueabihf/bin/../libexec/gcc/arm-linux-gnueabihf/5.4.1/collect2] ==> ignore
    arg [-plugin] ==> ignore
    arg [/home/shenjun/tools/gcc-linaro-5.4.1-2017.01-i686_arm-linux-gnueabihf/bin/../libexec/gcc/arm-linux-gnueabihf/5.4.1/liblto_plugin.so] ==> ignore
    arg [-plugin-opt=/home/shenjun/tools/gcc-linaro-5.4.1-2017.01-i686_arm-linux-gnueabihf/bin/../libexec/gcc/arm-linux-gnueabihf/5.4.1/lto-wrapper] ==> ignore
    arg [-plugin-opt=-fresolution=/tmp/cc5k6ARJ.res] ==> ignore
    arg [-plugin-opt=-pass-through=-lgcc] ==> ignore
    arg [-plugin-opt=-pass-through=-lgcc_s] ==> ignore
    arg [-plugin-opt=-pass-through=-lc] ==> ignore
    arg [-plugin-opt=-pass-through=-lgcc] ==> ignore
    arg [-plugin-opt=-pass-through=-lgcc_s] ==> ignore
    arg [--sysroot=/home/shenjun/tools/gcc-linaro-5.4.1-2017.01-i686_arm-linux-gnueabihf/bin/../arm-linux-gnueabihf/libc] ==> ignore
    arg [--build-id] ==> ignore
    arg [--eh-frame-hdr] ==> ignore
    arg [-dynamic-linker] ==> ignore
    arg [/lib/ld-linux-armhf.so.3] ==> ignore
    arg [-X] ==> ignore
    arg [-m] ==> ignore
    arg [armelf_linux_eabi] ==> ignore
    arg [-o] ==> ignore
    arg [cmTC_a72c3] ==> ignore
    arg [/home/shenjun/tools/gcc-linaro-5.4.1-2017.01-i686_arm-linux-gnueabihf/bin/../arm-linux-gnueabihf/libc/usr/lib/crt1.o] ==> ignore
    arg [/home/shenjun/tools/gcc-linaro-5.4.1-2017.01-i686_arm-linux-gnueabihf/bin/../arm-linux-gnueabihf/libc/usr/lib/crti.o] ==> ignore
    arg [/home/shenjun/tools/gcc-linaro-5.4.1-2017.01-i686_arm-linux-gnueabihf/bin/../lib/gcc/arm-linux-gnueabihf/5.4.1/crtbegin.o] ==> ignore
    arg [-L/home/shenjun/tools/gcc-linaro-5.4.1-2017.01-i686_arm-linux-gnueabihf/bin/../lib/gcc/arm-linux-gnueabihf/5.4.1] ==> dir [/home/shenjun/tools/gcc-linaro-5.4.1-2017.01-i686_arm-linux-gnueabihf/bin/../lib/gcc/arm-linux-gnueabihf/5.4.1]
    arg [-L/home/shenjun/tools/gcc-linaro-5.4.1-2017.01-i686_arm-linux-gnueabihf/bin/../lib/gcc/arm-linux-gnueabihf] ==> dir [/home/shenjun/tools/gcc-linaro-5.4.1-2017.01-i686_arm-linux-gnueabihf/bin/../lib/gcc/arm-linux-gnueabihf]
    arg [-L/home/shenjun/tools/gcc-linaro-5.4.1-2017.01-i686_arm-linux-gnueabihf/bin/../lib/gcc] ==> dir [/home/shenjun/tools/gcc-linaro-5.4.1-2017.01-i686_arm-linux-gnueabihf/bin/../lib/gcc]
    arg [-L/home/shenjun/tools/gcc-linaro-5.4.1-2017.01-i686_arm-linux-gnueabihf/bin/../lib/gcc/arm-linux-gnueabihf/5.4.1/../../../../arm-linux-gnueabihf/lib] ==> dir [/home/shenjun/tools/gcc-linaro-5.4.1-2017.01-i686_arm-linux-gnueabihf/bin/../lib/gcc/arm-linux-gnueabihf/5.4.1/../../../../arm-linux-gnueabihf/lib]
    arg [-L/home/shenjun/tools/gcc-linaro-5.4.1-2017.01-i686_arm-linux-gnueabihf/bin/../arm-linux-gnueabihf/libc/lib] ==> dir [/home/shenjun/tools/gcc-linaro-5.4.1-2017.01-i686_arm-linux-gnueabihf/bin/../arm-linux-gnueabihf/libc/lib]
    arg [-L/home/shenjun/tools/gcc-linaro-5.4.1-2017.01-i686_arm-linux-gnueabihf/bin/../arm-linux-gnueabihf/libc/usr/lib] ==> dir [/home/shenjun/tools/gcc-linaro-5.4.1-2017.01-i686_arm-linux-gnueabihf/bin/../arm-linux-gnueabihf/libc/usr/lib]
    arg [CMakeFiles/cmTC_a72c3.dir/CMakeCCompilerABI.c.o] ==> ignore
    arg [-lgcc] ==> lib [gcc]
    arg [--as-needed] ==> ignore
    arg [-lgcc_s] ==> lib [gcc_s]
    arg [--no-as-needed] ==> ignore
    arg [-lc] ==> lib [c]
    arg [-lgcc] ==> lib [gcc]
    arg [--as-needed] ==> ignore
    arg [-lgcc_s] ==> lib [gcc_s]
    arg [--no-as-needed] ==> ignore
    arg [/home/shenjun/tools/gcc-linaro-5.4.1-2017.01-i686_arm-linux-gnueabihf/bin/../lib/gcc/arm-linux-gnueabihf/5.4.1/crtend.o] ==> ignore
    arg [/home/shenjun/tools/gcc-linaro-5.4.1-2017.01-i686_arm-linux-gnueabihf/bin/../arm-linux-gnueabihf/libc/usr/lib/crtn.o] ==> ignore
  collapse library dir [/home/shenjun/tools/gcc-linaro-5.4.1-2017.01-i686_arm-linux-gnueabihf/bin/../lib/gcc/arm-linux-gnueabihf/5.4.1] ==> [/home/shenjun/tools/gcc-linaro-5.4.1-2017.01-i686_arm-linux-gnueabihf/lib/gcc/arm-linux-gnueabihf/5.4.1]
  collapse library dir [/home/shenjun/tools/gcc-linaro-5.4.1-2017.01-i686_arm-linux-gnueabihf/bin/../lib/gcc/arm-linux-gnueabihf] ==> [/home/shenjun/tools/gcc-linaro-5.4.1-2017.01-i686_arm-linux-gnueabihf/lib/gcc/arm-linux-gnueabihf]
  collapse library dir [/home/shenjun/tools/gcc-linaro-5.4.1-2017.01-i686_arm-linux-gnueabihf/bin/../lib/gcc] ==> [/home/shenjun/tools/gcc-linaro-5.4.1-2017.01-i686_arm-linux-gnueabihf/lib/gcc]
  collapse library dir [/home/shenjun/tools/gcc-linaro-5.4.1-2017.01-i686_arm-linux-gnueabihf/bin/../lib/gcc/arm-linux-gnueabihf/5.4.1/../../../../arm-linux-gnueabihf/lib] ==> [/home/shenjun/tools/gcc-linaro-5.4.1-2017.01-i686_arm-linux-gnueabihf/arm-linux-gnueabihf/lib]
  collapse library dir [/home/shenjun/tools/gcc-linaro-5.4.1-2017.01-i686_arm-linux-gnueabihf/bin/../arm-linux-gnueabihf/libc/lib] ==> [/home/shenjun/tools/gcc-linaro-5.4.1-2017.01-i686_arm-linux-gnueabihf/arm-linux-gnueabihf/libc/lib]
  collapse library dir [/home/shenjun/tools/gcc-linaro-5.4.1-2017.01-i686_arm-linux-gnueabihf/bin/../arm-linux-gnueabihf/libc/usr/lib] ==> [/home/shenjun/tools/gcc-linaro-5.4.1-2017.01-i686_arm-linux-gnueabihf/arm-linux-gnueabihf/libc/usr/lib]
  implicit libs: [gcc;gcc_s;c;gcc;gcc_s]
  implicit dirs: [/home/shenjun/tools/gcc-linaro-5.4.1-2017.01-i686_arm-linux-gnueabihf/lib/gcc/arm-linux-gnueabihf/5.4.1;/home/shenjun/tools/gcc-linaro-5.4.1-2017.01-i686_arm-linux-gnueabihf/lib/gcc/arm-linux-gnueabihf;/home/shenjun/tools/gcc-linaro-5.4.1-2017.01-i686_arm-linux-gnueabihf/lib/gcc;/home/shenjun/tools/gcc-linaro-5.4.1-2017.01-i686_arm-linux-gnueabihf/arm-linux-gnueabihf/lib;/home/shenjun/tools/gcc-linaro-5.4.1-2017.01-i686_arm-linux-gnueabihf/arm-linux-gnueabihf/libc/lib;/home/shenjun/tools/gcc-linaro-5.4.1-2017.01-i686_arm-linux-gnueabihf/arm-linux-gnueabihf/libc/usr/lib]
  implicit fwks: []




Detecting C [-std=c11] compiler features compiled with the following output:
Change Dir: /home/shenjun/development/ttsDemo/cmake-build-debug-arm-linux-gnueabihf_32/CMakeFiles/CMakeTmp

Run Build Command:"/usr/bin/make" "cmTC_08c00/fast"
/usr/bin/make -f CMakeFiles/cmTC_08c00.dir/build.make CMakeFiles/cmTC_08c00.dir/build
make[1]: Entering directory '/home/shenjun/development/ttsDemo/cmake-build-debug-arm-linux-gnueabihf_32/CMakeFiles/CMakeTmp'
Building C object CMakeFiles/cmTC_08c00.dir/feature_tests.c.o
/home/shenjun/tools/gcc-linaro-5.4.1-2017.01-i686_arm-linux-gnueabihf/bin/arm-linux-gnueabihf-gcc   -std=c11 -o CMakeFiles/cmTC_08c00.dir/feature_tests.c.o   -c /home/shenjun/development/ttsDemo/cmake-build-debug-arm-linux-gnueabihf_32/CMakeFiles/feature_tests.c
Linking C executable cmTC_08c00
/home/shenjun/tools/cmake-3.12.2/bin/cmake -E cmake_link_script CMakeFiles/cmTC_08c00.dir/link.txt --verbose=1
/home/shenjun/tools/gcc-linaro-5.4.1-2017.01-i686_arm-linux-gnueabihf/bin/arm-linux-gnueabihf-gcc      CMakeFiles/cmTC_08c00.dir/feature_tests.c.o  -o cmTC_08c00 
make[1]: Leaving directory '/home/shenjun/development/ttsDemo/cmake-build-debug-arm-linux-gnueabihf_32/CMakeFiles/CMakeTmp'


    Feature record: C_FEATURE:1c_function_prototypes
    Feature record: C_FEATURE:1c_restrict
    Feature record: C_FEATURE:1c_static_assert
    Feature record: C_FEATURE:1c_variadic_macros


Detecting C [-std=c99] compiler features compiled with the following output:
Change Dir: /home/shenjun/development/ttsDemo/cmake-build-debug-arm-linux-gnueabihf_32/CMakeFiles/CMakeTmp

Run Build Command:"/usr/bin/make" "cmTC_2dcf7/fast"
/usr/bin/make -f CMakeFiles/cmTC_2dcf7.dir/build.make CMakeFiles/cmTC_2dcf7.dir/build
make[1]: Entering directory '/home/shenjun/development/ttsDemo/cmake-build-debug-arm-linux-gnueabihf_32/CMakeFiles/CMakeTmp'
Building C object CMakeFiles/cmTC_2dcf7.dir/feature_tests.c.o
/home/shenjun/tools/gcc-linaro-5.4.1-2017.01-i686_arm-linux-gnueabihf/bin/arm-linux-gnueabihf-gcc   -std=c99 -o CMakeFiles/cmTC_2dcf7.dir/feature_tests.c.o   -c /home/shenjun/development/ttsDemo/cmake-build-debug-arm-linux-gnueabihf_32/CMakeFiles/feature_tests.c
Linking C executable cmTC_2dcf7
/home/shenjun/tools/cmake-3.12.2/bin/cmake -E cmake_link_script CMakeFiles/cmTC_2dcf7.dir/link.txt --verbose=1
/home/shenjun/tools/gcc-linaro-5.4.1-2017.01-i686_arm-linux-gnueabihf/bin/arm-linux-gnueabihf-gcc      CMakeFiles/cmTC_2dcf7.dir/feature_tests.c.o  -o cmTC_2dcf7 
make[1]: Leaving directory '/home/shenjun/development/ttsDemo/cmake-build-debug-arm-linux-gnueabihf_32/CMakeFiles/CMakeTmp'


    Feature record: C_FEATURE:1c_function_prototypes
    Feature record: C_FEATURE:1c_restrict
    Feature record: C_FEATURE:0c_static_assert
    Feature record: C_FEATURE:1c_variadic_macros


Detecting C [-std=c90] compiler features compiled with the following output:
Change Dir: /home/shenjun/development/ttsDemo/cmake-build-debug-arm-linux-gnueabihf_32/CMakeFiles/CMakeTmp

Run Build Command:"/usr/bin/make" "cmTC_d37c0/fast"
/usr/bin/make -f CMakeFiles/cmTC_d37c0.dir/build.make CMakeFiles/cmTC_d37c0.dir/build
make[1]: Entering directory '/home/shenjun/development/ttsDemo/cmake-build-debug-arm-linux-gnueabihf_32/CMakeFiles/CMakeTmp'
Building C object CMakeFiles/cmTC_d37c0.dir/feature_tests.c.o
/home/shenjun/tools/gcc-linaro-5.4.1-2017.01-i686_arm-linux-gnueabihf/bin/arm-linux-gnueabihf-gcc   -std=c90 -o CMakeFiles/cmTC_d37c0.dir/feature_tests.c.o   -c /home/shenjun/development/ttsDemo/cmake-build-debug-arm-linux-gnueabihf_32/CMakeFiles/feature_tests.c
Linking C executable cmTC_d37c0
/home/shenjun/tools/cmake-3.12.2/bin/cmake -E cmake_link_script CMakeFiles/cmTC_d37c0.dir/link.txt --verbose=1
/home/shenjun/tools/gcc-linaro-5.4.1-2017.01-i686_arm-linux-gnueabihf/bin/arm-linux-gnueabihf-gcc      CMakeFiles/cmTC_d37c0.dir/feature_tests.c.o  -o cmTC_d37c0 
make[1]: Leaving directory '/home/shenjun/development/ttsDemo/cmake-build-debug-arm-linux-gnueabihf_32/CMakeFiles/CMakeTmp'


    Feature record: C_FEATURE:1c_function_prototypes
    Feature record: C_FEATURE:0c_restrict
    Feature record: C_FEATURE:0c_static_assert
    Feature record: C_FEATURE:0c_variadic_macros
Determining if the CXX compiler works passed with the following output:
Change Dir: /home/shenjun/development/ttsDemo/cmake-build-debug-arm-linux-gnueabihf_32/CMakeFiles/CMakeTmp

Run Build Command:"/usr/bin/make" "cmTC_5e2d8/fast"
/usr/bin/make -f CMakeFiles/cmTC_5e2d8.dir/build.make CMakeFiles/cmTC_5e2d8.dir/build
make[1]: Entering directory '/home/shenjun/development/ttsDemo/cmake-build-debug-arm-linux-gnueabihf_32/CMakeFiles/CMakeTmp'
Building CXX object CMakeFiles/cmTC_5e2d8.dir/testCXXCompiler.cxx.o
/home/shenjun/tools/gcc-linaro-5.4.1-2017.01-i686_arm-linux-gnueabihf/bin/arm-linux-gnueabihf-g++     -o CMakeFiles/cmTC_5e2d8.dir/testCXXCompiler.cxx.o -c /home/shenjun/development/ttsDemo/cmake-build-debug-arm-linux-gnueabihf_32/CMakeFiles/CMakeTmp/testCXXCompiler.cxx
Linking CXX executable cmTC_5e2d8
/home/shenjun/tools/cmake-3.12.2/bin/cmake -E cmake_link_script CMakeFiles/cmTC_5e2d8.dir/link.txt --verbose=1
/home/shenjun/tools/gcc-linaro-5.4.1-2017.01-i686_arm-linux-gnueabihf/bin/arm-linux-gnueabihf-g++       CMakeFiles/cmTC_5e2d8.dir/testCXXCompiler.cxx.o  -o cmTC_5e2d8 
make[1]: Leaving directory '/home/shenjun/development/ttsDemo/cmake-build-debug-arm-linux-gnueabihf_32/CMakeFiles/CMakeTmp'


Detecting CXX compiler ABI info compiled with the following output:
Change Dir: /home/shenjun/development/ttsDemo/cmake-build-debug-arm-linux-gnueabihf_32/CMakeFiles/CMakeTmp

Run Build Command:"/usr/bin/make" "cmTC_ef174/fast"
/usr/bin/make -f CMakeFiles/cmTC_ef174.dir/build.make CMakeFiles/cmTC_ef174.dir/build
make[1]: Entering directory '/home/shenjun/development/ttsDemo/cmake-build-debug-arm-linux-gnueabihf_32/CMakeFiles/CMakeTmp'
Building CXX object CMakeFiles/cmTC_ef174.dir/CMakeCXXCompilerABI.cpp.o
/home/shenjun/tools/gcc-linaro-5.4.1-2017.01-i686_arm-linux-gnueabihf/bin/arm-linux-gnueabihf-g++     -o CMakeFiles/cmTC_ef174.dir/CMakeCXXCompilerABI.cpp.o -c /home/shenjun/tools/cmake-3.12.2/Modules/CMakeCXXCompilerABI.cpp
Linking CXX executable cmTC_ef174
/home/shenjun/tools/cmake-3.12.2/bin/cmake -E cmake_link_script CMakeFiles/cmTC_ef174.dir/link.txt --verbose=1
/home/shenjun/tools/gcc-linaro-5.4.1-2017.01-i686_arm-linux-gnueabihf/bin/arm-linux-gnueabihf-g++      -v CMakeFiles/cmTC_ef174.dir/CMakeCXXCompilerABI.cpp.o  -o cmTC_ef174 
Using built-in specs.
COLLECT_GCC=/home/shenjun/tools/gcc-linaro-5.4.1-2017.01-i686_arm-linux-gnueabihf/bin/arm-linux-gnueabihf-g++
COLLECT_LTO_WRAPPER=/home/shenjun/tools/gcc-linaro-5.4.1-2017.01-i686_arm-linux-gnueabihf/bin/../libexec/gcc/arm-linux-gnueabihf/5.4.1/lto-wrapper
Target: arm-linux-gnueabihf
Configured with: /home/tcwg-buildslave/workspace/tcwg-make-release/label/docker-trusty-i386-tcwg-build/target/arm-linux-gnueabihf/snapshots/gcc-linaro-5.4-2017.01/configure SHELL=/bin/bash --with-mpc=/home/tcwg-buildslave/workspace/tcwg-make-release/label/docker-trusty-i386-tcwg-build/target/arm-linux-gnueabihf/_build/builds/destdir/i686-pc-linux-gnu --with-mpfr=/home/tcwg-buildslave/workspace/tcwg-make-release/label/docker-trusty-i386-tcwg-build/target/arm-linux-gnueabihf/_build/builds/destdir/i686-pc-linux-gnu --with-gmp=/home/tcwg-buildslave/workspace/tcwg-make-release/label/docker-trusty-i386-tcwg-build/target/arm-linux-gnueabihf/_build/builds/destdir/i686-pc-linux-gnu --with-gnu-as --with-gnu-ld --disable-libmudflap --enable-lto --enable-objc-gc --enable-shared --without-included-gettext --enable-nls --disable-sjlj-exceptions --enable-gnu-unique-object --enable-linker-build-id --disable-libstdcxx-pch --enable-c99 --enable-clocale=gnu --enable-libstdcxx-debug --enable-long-long --with-cloog=no --with-ppl=no --with-isl=no --disable-multilib --with-float=hard --with-mode=thumb --with-tune=cortex-a9 --with-arch=armv7-a --with-fpu=vfpv3-d16 --enable-threads=posix --enable-multiarch --enable-libstdcxx-time=yes --with-build-sysroot=/home/tcwg-buildslave/workspace/tcwg-make-release/label/docker-trusty-i386-tcwg-build/target/arm-linux-gnueabihf/_build/sysroots/arm-linux-gnueabihf --with-sysroot=/home/tcwg-buildslave/workspace/tcwg-make-release/label/docker-trusty-i386-tcwg-build/target/arm-linux-gnueabihf/_build/builds/destdir/i686-pc-linux-gnu/arm-linux-gnueabihf/libc --enable-checking=release --disable-bootstrap --enable-languages=c,c++,fortran,lto --build=i686-pc-linux-gnu --host=i686-pc-linux-gnu --target=arm-linux-gnueabihf --prefix=/home/tcwg-buildslave/workspace/tcwg-make-release/label/docker-trusty-i386-tcwg-build/target/arm-linux-gnueabihf/_build/builds/destdir/i686-pc-linux-gnu
Thread model: posix
gcc version 5.4.1 20161213 (Linaro GCC 5.4-2017.01) 
COMPILER_PATH=/home/shenjun/tools/gcc-linaro-5.4.1-2017.01-i686_arm-linux-gnueabihf/bin/../libexec/gcc/arm-linux-gnueabihf/5.4.1/:/home/shenjun/tools/gcc-linaro-5.4.1-2017.01-i686_arm-linux-gnueabihf/bin/../libexec/gcc/arm-linux-gnueabihf/:/home/shenjun/tools/gcc-linaro-5.4.1-2017.01-i686_arm-linux-gnueabihf/bin/../libexec/gcc/:/home/shenjun/tools/gcc-linaro-5.4.1-2017.01-i686_arm-linux-gnueabihf/bin/../lib/gcc/arm-linux-gnueabihf/5.4.1/../../../../arm-linux-gnueabihf/bin/
LIBRARY_PATH=/home/shenjun/tools/gcc-linaro-5.4.1-2017.01-i686_arm-linux-gnueabihf/bin/../lib/gcc/arm-linux-gnueabihf/5.4.1/:/home/shenjun/tools/gcc-linaro-5.4.1-2017.01-i686_arm-linux-gnueabihf/bin/../lib/gcc/arm-linux-gnueabihf/:/home/shenjun/tools/gcc-linaro-5.4.1-2017.01-i686_arm-linux-gnueabihf/bin/../lib/gcc/:/home/shenjun/tools/gcc-linaro-5.4.1-2017.01-i686_arm-linux-gnueabihf/bin/../lib/gcc/arm-linux-gnueabihf/5.4.1/../../../../arm-linux-gnueabihf/lib/:/home/shenjun/tools/gcc-linaro-5.4.1-2017.01-i686_arm-linux-gnueabihf/bin/../arm-linux-gnueabihf/libc/lib/:/home/shenjun/tools/gcc-linaro-5.4.1-2017.01-i686_arm-linux-gnueabihf/bin/../arm-linux-gnueabihf/libc/usr/lib/
COLLECT_GCC_OPTIONS='-v' '-o' 'cmTC_ef174' '-shared-libgcc' '-march=armv7-a' '-mtune=cortex-a9' '-mfloat-abi=hard' '-mfpu=vfpv3-d16' '-mthumb' '-mtls-dialect=gnu'
 /home/shenjun/tools/gcc-linaro-5.4.1-2017.01-i686_arm-linux-gnueabihf/bin/../libexec/gcc/arm-linux-gnueabihf/5.4.1/collect2 -plugin /home/shenjun/tools/gcc-linaro-5.4.1-2017.01-i686_arm-linux-gnueabihf/bin/../libexec/gcc/arm-linux-gnueabihf/5.4.1/liblto_plugin.so -plugin-opt=/home/shenjun/tools/gcc-linaro-5.4.1-2017.01-i686_arm-linux-gnueabihf/bin/../libexec/gcc/arm-linux-gnueabihf/5.4.1/lto-wrapper -plugin-opt=-fresolution=/tmp/ccAvf3t0.res -plugin-opt=-pass-through=-lgcc_s -plugin-opt=-pass-through=-lgcc -plugin-opt=-pass-through=-lc -plugin-opt=-pass-through=-lgcc_s -plugin-opt=-pass-through=-lgcc --sysroot=/home/shenjun/tools/gcc-linaro-5.4.1-2017.01-i686_arm-linux-gnueabihf/bin/../arm-linux-gnueabihf/libc --build-id --eh-frame-hdr -dynamic-linker /lib/ld-linux-armhf.so.3 -X -m armelf_linux_eabi -o cmTC_ef174 /home/shenjun/tools/gcc-linaro-5.4.1-2017.01-i686_arm-linux-gnueabihf/bin/../arm-linux-gnueabihf/libc/usr/lib/crt1.o /home/shenjun/tools/gcc-linaro-5.4.1-2017.01-i686_arm-linux-gnueabihf/bin/../arm-linux-gnueabihf/libc/usr/lib/crti.o /home/shenjun/tools/gcc-linaro-5.4.1-2017.01-i686_arm-linux-gnueabihf/bin/../lib/gcc/arm-linux-gnueabihf/5.4.1/crtbegin.o -L/home/shenjun/tools/gcc-linaro-5.4.1-2017.01-i686_arm-linux-gnueabihf/bin/../lib/gcc/arm-linux-gnueabihf/5.4.1 -L/home/shenjun/tools/gcc-linaro-5.4.1-2017.01-i686_arm-linux-gnueabihf/bin/../lib/gcc/arm-linux-gnueabihf -L/home/shenjun/tools/gcc-linaro-5.4.1-2017.01-i686_arm-linux-gnueabihf/bin/../lib/gcc -L/home/shenjun/tools/gcc-linaro-5.4.1-2017.01-i686_arm-linux-gnueabihf/bin/../lib/gcc/arm-linux-gnueabihf/5.4.1/../../../../arm-linux-gnueabihf/lib -L/home/shenjun/tools/gcc-linaro-5.4.1-2017.01-i686_arm-linux-gnueabihf/bin/../arm-linux-gnueabihf/libc/lib -L/home/shenjun/tools/gcc-linaro-5.4.1-2017.01-i686_arm-linux-gnueabihf/bin/../arm-linux-gnueabihf/libc/usr/lib CMakeFiles/cmTC_ef174.dir/CMakeCXXCompilerABI.cpp.o -lstdc++ -lm -lgcc_s -lgcc -lc -lgcc_s -lgcc /home/shenjun/tools/gcc-linaro-5.4.1-2017.01-i686_arm-linux-gnueabihf/bin/../lib/gcc/arm-linux-gnueabihf/5.4.1/crtend.o /home/shenjun/tools/gcc-linaro-5.4.1-2017.01-i686_arm-linux-gnueabihf/bin/../arm-linux-gnueabihf/libc/usr/lib/crtn.o
make[1]: Leaving directory '/home/shenjun/development/ttsDemo/cmake-build-debug-arm-linux-gnueabihf_32/CMakeFiles/CMakeTmp'


Parsed CXX implicit link information from above output:
  link line regex: [^( *|.*[/\])(ld|CMAKE_LINK_STARTFILE-NOTFOUND|([^/\]+-)?ld|collect2)[^/\]*( |$)]
  ignore line: [Change Dir: /home/shenjun/development/ttsDemo/cmake-build-debug-arm-linux-gnueabihf_32/CMakeFiles/CMakeTmp]
  ignore line: []
  ignore line: [Run Build Command:"/usr/bin/make" "cmTC_ef174/fast"]
  ignore line: [/usr/bin/make -f CMakeFiles/cmTC_ef174.dir/build.make CMakeFiles/cmTC_ef174.dir/build]
  ignore line: [make[1]: Entering directory '/home/shenjun/development/ttsDemo/cmake-build-debug-arm-linux-gnueabihf_32/CMakeFiles/CMakeTmp']
  ignore line: [Building CXX object CMakeFiles/cmTC_ef174.dir/CMakeCXXCompilerABI.cpp.o]
  ignore line: [/home/shenjun/tools/gcc-linaro-5.4.1-2017.01-i686_arm-linux-gnueabihf/bin/arm-linux-gnueabihf-g++     -o CMakeFiles/cmTC_ef174.dir/CMakeCXXCompilerABI.cpp.o -c /home/shenjun/tools/cmake-3.12.2/Modules/CMakeCXXCompilerABI.cpp]
  ignore line: [Linking CXX executable cmTC_ef174]
  ignore line: [/home/shenjun/tools/cmake-3.12.2/bin/cmake -E cmake_link_script CMakeFiles/cmTC_ef174.dir/link.txt --verbose=1]
  ignore line: [/home/shenjun/tools/gcc-linaro-5.4.1-2017.01-i686_arm-linux-gnueabihf/bin/arm-linux-gnueabihf-g++      -v CMakeFiles/cmTC_ef174.dir/CMakeCXXCompilerABI.cpp.o  -o cmTC_ef174 ]
  ignore line: [Using built-in specs.]
  ignore line: [COLLECT_GCC=/home/shenjun/tools/gcc-linaro-5.4.1-2017.01-i686_arm-linux-gnueabihf/bin/arm-linux-gnueabihf-g++]
  ignore line: [COLLECT_LTO_WRAPPER=/home/shenjun/tools/gcc-linaro-5.4.1-2017.01-i686_arm-linux-gnueabihf/bin/../libexec/gcc/arm-linux-gnueabihf/5.4.1/lto-wrapper]
  ignore line: [Target: arm-linux-gnueabihf]
  ignore line: [Configured with: /home/tcwg-buildslave/workspace/tcwg-make-release/label/docker-trusty-i386-tcwg-build/target/arm-linux-gnueabihf/snapshots/gcc-linaro-5.4-2017.01/configure SHELL=/bin/bash --with-mpc=/home/tcwg-buildslave/workspace/tcwg-make-release/label/docker-trusty-i386-tcwg-build/target/arm-linux-gnueabihf/_build/builds/destdir/i686-pc-linux-gnu --with-mpfr=/home/tcwg-buildslave/workspace/tcwg-make-release/label/docker-trusty-i386-tcwg-build/target/arm-linux-gnueabihf/_build/builds/destdir/i686-pc-linux-gnu --with-gmp=/home/tcwg-buildslave/workspace/tcwg-make-release/label/docker-trusty-i386-tcwg-build/target/arm-linux-gnueabihf/_build/builds/destdir/i686-pc-linux-gnu --with-gnu-as --with-gnu-ld --disable-libmudflap --enable-lto --enable-objc-gc --enable-shared --without-included-gettext --enable-nls --disable-sjlj-exceptions --enable-gnu-unique-object --enable-linker-build-id --disable-libstdcxx-pch --enable-c99 --enable-clocale=gnu --enable-libstdcxx-debug --enable-long-long --with-cloog=no --with-ppl=no --with-isl=no --disable-multilib --with-float=hard --with-mode=thumb --with-tune=cortex-a9 --with-arch=armv7-a --with-fpu=vfpv3-d16 --enable-threads=posix --enable-multiarch --enable-libstdcxx-time=yes --with-build-sysroot=/home/tcwg-buildslave/workspace/tcwg-make-release/label/docker-trusty-i386-tcwg-build/target/arm-linux-gnueabihf/_build/sysroots/arm-linux-gnueabihf --with-sysroot=/home/tcwg-buildslave/workspace/tcwg-make-release/label/docker-trusty-i386-tcwg-build/target/arm-linux-gnueabihf/_build/builds/destdir/i686-pc-linux-gnu/arm-linux-gnueabihf/libc --enable-checking=release --disable-bootstrap --enable-languages=c,c++,fortran,lto --build=i686-pc-linux-gnu --host=i686-pc-linux-gnu --target=arm-linux-gnueabihf --prefix=/home/tcwg-buildslave/workspace/tcwg-make-release/label/docker-trusty-i386-tcwg-build/target/arm-linux-gnueabihf/_build/builds/destdir/i686-pc-linux-gnu]
  ignore line: [Thread model: posix]
  ignore line: [gcc version 5.4.1 20161213 (Linaro GCC 5.4-2017.01) ]
  ignore line: [COMPILER_PATH=/home/shenjun/tools/gcc-linaro-5.4.1-2017.01-i686_arm-linux-gnueabihf/bin/../libexec/gcc/arm-linux-gnueabihf/5.4.1/:/home/shenjun/tools/gcc-linaro-5.4.1-2017.01-i686_arm-linux-gnueabihf/bin/../libexec/gcc/arm-linux-gnueabihf/:/home/shenjun/tools/gcc-linaro-5.4.1-2017.01-i686_arm-linux-gnueabihf/bin/../libexec/gcc/:/home/shenjun/tools/gcc-linaro-5.4.1-2017.01-i686_arm-linux-gnueabihf/bin/../lib/gcc/arm-linux-gnueabihf/5.4.1/../../../../arm-linux-gnueabihf/bin/]
  ignore line: [LIBRARY_PATH=/home/shenjun/tools/gcc-linaro-5.4.1-2017.01-i686_arm-linux-gnueabihf/bin/../lib/gcc/arm-linux-gnueabihf/5.4.1/:/home/shenjun/tools/gcc-linaro-5.4.1-2017.01-i686_arm-linux-gnueabihf/bin/../lib/gcc/arm-linux-gnueabihf/:/home/shenjun/tools/gcc-linaro-5.4.1-2017.01-i686_arm-linux-gnueabihf/bin/../lib/gcc/:/home/shenjun/tools/gcc-linaro-5.4.1-2017.01-i686_arm-linux-gnueabihf/bin/../lib/gcc/arm-linux-gnueabihf/5.4.1/../../../../arm-linux-gnueabihf/lib/:/home/shenjun/tools/gcc-linaro-5.4.1-2017.01-i686_arm-linux-gnueabihf/bin/../arm-linux-gnueabihf/libc/lib/:/home/shenjun/tools/gcc-linaro-5.4.1-2017.01-i686_arm-linux-gnueabihf/bin/../arm-linux-gnueabihf/libc/usr/lib/]
  ignore line: [COLLECT_GCC_OPTIONS='-v' '-o' 'cmTC_ef174' '-shared-libgcc' '-march=armv7-a' '-mtune=cortex-a9' '-mfloat-abi=hard' '-mfpu=vfpv3-d16' '-mthumb' '-mtls-dialect=gnu']
  link line: [ /home/shenjun/tools/gcc-linaro-5.4.1-2017.01-i686_arm-linux-gnueabihf/bin/../libexec/gcc/arm-linux-gnueabihf/5.4.1/collect2 -plugin /home/shenjun/tools/gcc-linaro-5.4.1-2017.01-i686_arm-linux-gnueabihf/bin/../libexec/gcc/arm-linux-gnueabihf/5.4.1/liblto_plugin.so -plugin-opt=/home/shenjun/tools/gcc-linaro-5.4.1-2017.01-i686_arm-linux-gnueabihf/bin/../libexec/gcc/arm-linux-gnueabihf/5.4.1/lto-wrapper -plugin-opt=-fresolution=/tmp/ccAvf3t0.res -plugin-opt=-pass-through=-lgcc_s -plugin-opt=-pass-through=-lgcc -plugin-opt=-pass-through=-lc -plugin-opt=-pass-through=-lgcc_s -plugin-opt=-pass-through=-lgcc --sysroot=/home/shenjun/tools/gcc-linaro-5.4.1-2017.01-i686_arm-linux-gnueabihf/bin/../arm-linux-gnueabihf/libc --build-id --eh-frame-hdr -dynamic-linker /lib/ld-linux-armhf.so.3 -X -m armelf_linux_eabi -o cmTC_ef174 /home/shenjun/tools/gcc-linaro-5.4.1-2017.01-i686_arm-linux-gnueabihf/bin/../arm-linux-gnueabihf/libc/usr/lib/crt1.o /home/shenjun/tools/gcc-linaro-5.4.1-2017.01-i686_arm-linux-gnueabihf/bin/../arm-linux-gnueabihf/libc/usr/lib/crti.o /home/shenjun/tools/gcc-linaro-5.4.1-2017.01-i686_arm-linux-gnueabihf/bin/../lib/gcc/arm-linux-gnueabihf/5.4.1/crtbegin.o -L/home/shenjun/tools/gcc-linaro-5.4.1-2017.01-i686_arm-linux-gnueabihf/bin/../lib/gcc/arm-linux-gnueabihf/5.4.1 -L/home/shenjun/tools/gcc-linaro-5.4.1-2017.01-i686_arm-linux-gnueabihf/bin/../lib/gcc/arm-linux-gnueabihf -L/home/shenjun/tools/gcc-linaro-5.4.1-2017.01-i686_arm-linux-gnueabihf/bin/../lib/gcc -L/home/shenjun/tools/gcc-linaro-5.4.1-2017.01-i686_arm-linux-gnueabihf/bin/../lib/gcc/arm-linux-gnueabihf/5.4.1/../../../../arm-linux-gnueabihf/lib -L/home/shenjun/tools/gcc-linaro-5.4.1-2017.01-i686_arm-linux-gnueabihf/bin/../arm-linux-gnueabihf/libc/lib -L/home/shenjun/tools/gcc-linaro-5.4.1-2017.01-i686_arm-linux-gnueabihf/bin/../arm-linux-gnueabihf/libc/usr/lib CMakeFiles/cmTC_ef174.dir/CMakeCXXCompilerABI.cpp.o -lstdc++ -lm -lgcc_s -lgcc -lc -lgcc_s -lgcc /home/shenjun/tools/gcc-linaro-5.4.1-2017.01-i686_arm-linux-gnueabihf/bin/../lib/gcc/arm-linux-gnueabihf/5.4.1/crtend.o /home/shenjun/tools/gcc-linaro-5.4.1-2017.01-i686_arm-linux-gnueabihf/bin/../arm-linux-gnueabihf/libc/usr/lib/crtn.o]
    arg [/home/shenjun/tools/gcc-linaro-5.4.1-2017.01-i686_arm-linux-gnueabihf/bin/../libexec/gcc/arm-linux-gnueabihf/5.4.1/collect2] ==> ignore
    arg [-plugin] ==> ignore
    arg [/home/shenjun/tools/gcc-linaro-5.4.1-2017.01-i686_arm-linux-gnueabihf/bin/../libexec/gcc/arm-linux-gnueabihf/5.4.1/liblto_plugin.so] ==> ignore
    arg [-plugin-opt=/home/shenjun/tools/gcc-linaro-5.4.1-2017.01-i686_arm-linux-gnueabihf/bin/../libexec/gcc/arm-linux-gnueabihf/5.4.1/lto-wrapper] ==> ignore
    arg [-plugin-opt=-fresolution=/tmp/ccAvf3t0.res] ==> ignore
    arg [-plugin-opt=-pass-through=-lgcc_s] ==> ignore
    arg [-plugin-opt=-pass-through=-lgcc] ==> ignore
    arg [-plugin-opt=-pass-through=-lc] ==> ignore
    arg [-plugin-opt=-pass-through=-lgcc_s] ==> ignore
    arg [-plugin-opt=-pass-through=-lgcc] ==> ignore
    arg [--sysroot=/home/shenjun/tools/gcc-linaro-5.4.1-2017.01-i686_arm-linux-gnueabihf/bin/../arm-linux-gnueabihf/libc] ==> ignore
    arg [--build-id] ==> ignore
    arg [--eh-frame-hdr] ==> ignore
    arg [-dynamic-linker] ==> ignore
    arg [/lib/ld-linux-armhf.so.3] ==> ignore
    arg [-X] ==> ignore
    arg [-m] ==> ignore
    arg [armelf_linux_eabi] ==> ignore
    arg [-o] ==> ignore
    arg [cmTC_ef174] ==> ignore
    arg [/home/shenjun/tools/gcc-linaro-5.4.1-2017.01-i686_arm-linux-gnueabihf/bin/../arm-linux-gnueabihf/libc/usr/lib/crt1.o] ==> ignore
    arg [/home/shenjun/tools/gcc-linaro-5.4.1-2017.01-i686_arm-linux-gnueabihf/bin/../arm-linux-gnueabihf/libc/usr/lib/crti.o] ==> ignore
    arg [/home/shenjun/tools/gcc-linaro-5.4.1-2017.01-i686_arm-linux-gnueabihf/bin/../lib/gcc/arm-linux-gnueabihf/5.4.1/crtbegin.o] ==> ignore
    arg [-L/home/shenjun/tools/gcc-linaro-5.4.1-2017.01-i686_arm-linux-gnueabihf/bin/../lib/gcc/arm-linux-gnueabihf/5.4.1] ==> dir [/home/shenjun/tools/gcc-linaro-5.4.1-2017.01-i686_arm-linux-gnueabihf/bin/../lib/gcc/arm-linux-gnueabihf/5.4.1]
    arg [-L/home/shenjun/tools/gcc-linaro-5.4.1-2017.01-i686_arm-linux-gnueabihf/bin/../lib/gcc/arm-linux-gnueabihf] ==> dir [/home/shenjun/tools/gcc-linaro-5.4.1-2017.01-i686_arm-linux-gnueabihf/bin/../lib/gcc/arm-linux-gnueabihf]
    arg [-L/home/shenjun/tools/gcc-linaro-5.4.1-2017.01-i686_arm-linux-gnueabihf/bin/../lib/gcc] ==> dir [/home/shenjun/tools/gcc-linaro-5.4.1-2017.01-i686_arm-linux-gnueabihf/bin/../lib/gcc]
    arg [-L/home/shenjun/tools/gcc-linaro-5.4.1-2017.01-i686_arm-linux-gnueabihf/bin/../lib/gcc/arm-linux-gnueabihf/5.4.1/../../../../arm-linux-gnueabihf/lib] ==> dir [/home/shenjun/tools/gcc-linaro-5.4.1-2017.01-i686_arm-linux-gnueabihf/bin/../lib/gcc/arm-linux-gnueabihf/5.4.1/../../../../arm-linux-gnueabihf/lib]
    arg [-L/home/shenjun/tools/gcc-linaro-5.4.1-2017.01-i686_arm-linux-gnueabihf/bin/../arm-linux-gnueabihf/libc/lib] ==> dir [/home/shenjun/tools/gcc-linaro-5.4.1-2017.01-i686_arm-linux-gnueabihf/bin/../arm-linux-gnueabihf/libc/lib]
    arg [-L/home/shenjun/tools/gcc-linaro-5.4.1-2017.01-i686_arm-linux-gnueabihf/bin/../arm-linux-gnueabihf/libc/usr/lib] ==> dir [/home/shenjun/tools/gcc-linaro-5.4.1-2017.01-i686_arm-linux-gnueabihf/bin/../arm-linux-gnueabihf/libc/usr/lib]
    arg [CMakeFiles/cmTC_ef174.dir/CMakeCXXCompilerABI.cpp.o] ==> ignore
    arg [-lstdc++] ==> lib [stdc++]
    arg [-lm] ==> lib [m]
    arg [-lgcc_s] ==> lib [gcc_s]
    arg [-lgcc] ==> lib [gcc]
    arg [-lc] ==> lib [c]
    arg [-lgcc_s] ==> lib [gcc_s]
    arg [-lgcc] ==> lib [gcc]
    arg [/home/shenjun/tools/gcc-linaro-5.4.1-2017.01-i686_arm-linux-gnueabihf/bin/../lib/gcc/arm-linux-gnueabihf/5.4.1/crtend.o] ==> ignore
    arg [/home/shenjun/tools/gcc-linaro-5.4.1-2017.01-i686_arm-linux-gnueabihf/bin/../arm-linux-gnueabihf/libc/usr/lib/crtn.o] ==> ignore
  collapse library dir [/home/shenjun/tools/gcc-linaro-5.4.1-2017.01-i686_arm-linux-gnueabihf/bin/../lib/gcc/arm-linux-gnueabihf/5.4.1] ==> [/home/shenjun/tools/gcc-linaro-5.4.1-2017.01-i686_arm-linux-gnueabihf/lib/gcc/arm-linux-gnueabihf/5.4.1]
  collapse library dir [/home/shenjun/tools/gcc-linaro-5.4.1-2017.01-i686_arm-linux-gnueabihf/bin/../lib/gcc/arm-linux-gnueabihf] ==> [/home/shenjun/tools/gcc-linaro-5.4.1-2017.01-i686_arm-linux-gnueabihf/lib/gcc/arm-linux-gnueabihf]
  collapse library dir [/home/shenjun/tools/gcc-linaro-5.4.1-2017.01-i686_arm-linux-gnueabihf/bin/../lib/gcc] ==> [/home/shenjun/tools/gcc-linaro-5.4.1-2017.01-i686_arm-linux-gnueabihf/lib/gcc]
  collapse library dir [/home/shenjun/tools/gcc-linaro-5.4.1-2017.01-i686_arm-linux-gnueabihf/bin/../lib/gcc/arm-linux-gnueabihf/5.4.1/../../../../arm-linux-gnueabihf/lib] ==> [/home/shenjun/tools/gcc-linaro-5.4.1-2017.01-i686_arm-linux-gnueabihf/arm-linux-gnueabihf/lib]
  collapse library dir [/home/shenjun/tools/gcc-linaro-5.4.1-2017.01-i686_arm-linux-gnueabihf/bin/../arm-linux-gnueabihf/libc/lib] ==> [/home/shenjun/tools/gcc-linaro-5.4.1-2017.01-i686_arm-linux-gnueabihf/arm-linux-gnueabihf/libc/lib]
  collapse library dir [/home/shenjun/tools/gcc-linaro-5.4.1-2017.01-i686_arm-linux-gnueabihf/bin/../arm-linux-gnueabihf/libc/usr/lib] ==> [/home/shenjun/tools/gcc-linaro-5.4.1-2017.01-i686_arm-linux-gnueabihf/arm-linux-gnueabihf/libc/usr/lib]
  implicit libs: [stdc++;m;gcc_s;gcc;c;gcc_s;gcc]
  implicit dirs: [/home/shenjun/tools/gcc-linaro-5.4.1-2017.01-i686_arm-linux-gnueabihf/lib/gcc/arm-linux-gnueabihf/5.4.1;/home/shenjun/tools/gcc-linaro-5.4.1-2017.01-i686_arm-linux-gnueabihf/lib/gcc/arm-linux-gnueabihf;/home/shenjun/tools/gcc-linaro-5.4.1-2017.01-i686_arm-linux-gnueabihf/lib/gcc;/home/shenjun/tools/gcc-linaro-5.4.1-2017.01-i686_arm-linux-gnueabihf/arm-linux-gnueabihf/lib;/home/shenjun/tools/gcc-linaro-5.4.1-2017.01-i686_arm-linux-gnueabihf/arm-linux-gnueabihf/libc/lib;/home/shenjun/tools/gcc-linaro-5.4.1-2017.01-i686_arm-linux-gnueabihf/arm-linux-gnueabihf/libc/usr/lib]
  implicit fwks: []




Detecting CXX [-std=c++1z] compiler features compiled with the following output:
Change Dir: /home/shenjun/development/ttsDemo/cmake-build-debug-arm-linux-gnueabihf_32/CMakeFiles/CMakeTmp

Run Build Command:"/usr/bin/make" "cmTC_e8308/fast"
/usr/bin/make -f CMakeFiles/cmTC_e8308.dir/build.make CMakeFiles/cmTC_e8308.dir/build
make[1]: Entering directory '/home/shenjun/development/ttsDemo/cmake-build-debug-arm-linux-gnueabihf_32/CMakeFiles/CMakeTmp'
Building CXX object CMakeFiles/cmTC_e8308.dir/feature_tests.cxx.o
/home/shenjun/tools/gcc-linaro-5.4.1-2017.01-i686_arm-linux-gnueabihf/bin/arm-linux-gnueabihf-g++    -std=c++1z -o CMakeFiles/cmTC_e8308.dir/feature_tests.cxx.o -c /home/shenjun/development/ttsDemo/cmake-build-debug-arm-linux-gnueabihf_32/CMakeFiles/feature_tests.cxx
Linking CXX executable cmTC_e8308
/home/shenjun/tools/cmake-3.12.2/bin/cmake -E cmake_link_script CMakeFiles/cmTC_e8308.dir/link.txt --verbose=1
/home/shenjun/tools/gcc-linaro-5.4.1-2017.01-i686_arm-linux-gnueabihf/bin/arm-linux-gnueabihf-g++       CMakeFiles/cmTC_e8308.dir/feature_tests.cxx.o  -o cmTC_e8308 
make[1]: Leaving directory '/home/shenjun/development/ttsDemo/cmake-build-debug-arm-linux-gnueabihf_32/CMakeFiles/CMakeTmp'


    Feature record: CXX_FEATURE:1cxx_aggregate_default_initializers
    Feature record: CXX_FEATURE:1cxx_alias_templates
    Feature record: CXX_FEATURE:1cxx_alignas
    Feature record: CXX_FEATURE:1cxx_alignof
    Feature record: CXX_FEATURE:1cxx_attributes
    Feature record: CXX_FEATURE:1cxx_attribute_deprecated
    Feature record: CXX_FEATURE:1cxx_auto_type
    Feature record: CXX_FEATURE:1cxx_binary_literals
    Feature record: CXX_FEATURE:1cxx_constexpr
    Feature record: CXX_FEATURE:1cxx_contextual_conversions
    Feature record: CXX_FEATURE:1cxx_decltype
    Feature record: CXX_FEATURE:1cxx_decltype_auto
    Feature record: CXX_FEATURE:1cxx_decltype_incomplete_return_types
    Feature record: CXX_FEATURE:1cxx_default_function_template_args
    Feature record: CXX_FEATURE:1cxx_defaulted_functions
    Feature record: CXX_FEATURE:1cxx_defaulted_move_initializers
    Feature record: CXX_FEATURE:1cxx_delegating_constructors
    Feature record: CXX_FEATURE:1cxx_deleted_functions
    Feature record: CXX_FEATURE:1cxx_digit_separators
    Feature record: CXX_FEATURE:1cxx_enum_forward_declarations
    Feature record: CXX_FEATURE:1cxx_explicit_conversions
    Feature record: CXX_FEATURE:1cxx_extended_friend_declarations
    Feature record: CXX_FEATURE:1cxx_extern_templates
    Feature record: CXX_FEATURE:1cxx_final
    Feature record: CXX_FEATURE:1cxx_func_identifier
    Feature record: CXX_FEATURE:1cxx_generalized_initializers
    Feature record: CXX_FEATURE:1cxx_generic_lambdas
    Feature record: CXX_FEATURE:1cxx_inheriting_constructors
    Feature record: CXX_FEATURE:1cxx_inline_namespaces
    Feature record: CXX_FEATURE:1cxx_lambdas
    Feature record: CXX_FEATURE:1cxx_lambda_init_captures
    Feature record: CXX_FEATURE:1cxx_local_type_template_args
    Feature record: CXX_FEATURE:1cxx_long_long_type
    Feature record: CXX_FEATURE:1cxx_noexcept
    Feature record: CXX_FEATURE:1cxx_nonstatic_member_init
    Feature record: CXX_FEATURE:1cxx_nullptr
    Feature record: CXX_FEATURE:1cxx_override
    Feature record: CXX_FEATURE:1cxx_range_for
    Feature record: CXX_FEATURE:1cxx_raw_string_literals
    Feature record: CXX_FEATURE:1cxx_reference_qualified_functions
    Feature record: CXX_FEATURE:1cxx_relaxed_constexpr
    Feature record: CXX_FEATURE:1cxx_return_type_deduction
    Feature record: CXX_FEATURE:1cxx_right_angle_brackets
    Feature record: CXX_FEATURE:1cxx_rvalue_references
    Feature record: CXX_FEATURE:1cxx_sizeof_member
    Feature record: CXX_FEATURE:1cxx_static_assert
    Feature record: CXX_FEATURE:1cxx_strong_enums
    Feature record: CXX_FEATURE:1cxx_template_template_parameters
    Feature record: CXX_FEATURE:1cxx_thread_local
    Feature record: CXX_FEATURE:1cxx_trailing_return_types
    Feature record: CXX_FEATURE:1cxx_unicode_literals
    Feature record: CXX_FEATURE:1cxx_uniform_initialization
    Feature record: CXX_FEATURE:1cxx_unrestricted_unions
    Feature record: CXX_FEATURE:1cxx_user_literals
    Feature record: CXX_FEATURE:1cxx_variable_templates
    Feature record: CXX_FEATURE:1cxx_variadic_macros
    Feature record: CXX_FEATURE:1cxx_variadic_templates


Detecting CXX [-std=c++14] compiler features compiled with the following output:
Change Dir: /home/shenjun/development/ttsDemo/cmake-build-debug-arm-linux-gnueabihf_32/CMakeFiles/CMakeTmp

Run Build Command:"/usr/bin/make" "cmTC_5e596/fast"
/usr/bin/make -f CMakeFiles/cmTC_5e596.dir/build.make CMakeFiles/cmTC_5e596.dir/build
make[1]: Entering directory '/home/shenjun/development/ttsDemo/cmake-build-debug-arm-linux-gnueabihf_32/CMakeFiles/CMakeTmp'
Building CXX object CMakeFiles/cmTC_5e596.dir/feature_tests.cxx.o
/home/shenjun/tools/gcc-linaro-5.4.1-2017.01-i686_arm-linux-gnueabihf/bin/arm-linux-gnueabihf-g++    -std=c++14 -o CMakeFiles/cmTC_5e596.dir/feature_tests.cxx.o -c /home/shenjun/development/ttsDemo/cmake-build-debug-arm-linux-gnueabihf_32/CMakeFiles/feature_tests.cxx
Linking CXX executable cmTC_5e596
/home/shenjun/tools/cmake-3.12.2/bin/cmake -E cmake_link_script CMakeFiles/cmTC_5e596.dir/link.txt --verbose=1
/home/shenjun/tools/gcc-linaro-5.4.1-2017.01-i686_arm-linux-gnueabihf/bin/arm-linux-gnueabihf-g++       CMakeFiles/cmTC_5e596.dir/feature_tests.cxx.o  -o cmTC_5e596 
make[1]: Leaving directory '/home/shenjun/development/ttsDemo/cmake-build-debug-arm-linux-gnueabihf_32/CMakeFiles/CMakeTmp'


    Feature record: CXX_FEATURE:1cxx_aggregate_default_initializers
    Feature record: CXX_FEATURE:1cxx_alias_templates
    Feature record: CXX_FEATURE:1cxx_alignas
    Feature record: CXX_FEATURE:1cxx_alignof
    Feature record: CXX_FEATURE:1cxx_attributes
    Feature record: CXX_FEATURE:1cxx_attribute_deprecated
    Feature record: CXX_FEATURE:1cxx_auto_type
    Feature record: CXX_FEATURE:1cxx_binary_literals
    Feature record: CXX_FEATURE:1cxx_constexpr
    Feature record: CXX_FEATURE:1cxx_contextual_conversions
    Feature record: CXX_FEATURE:1cxx_decltype
    Feature record: CXX_FEATURE:1cxx_decltype_auto
    Feature record: CXX_FEATURE:1cxx_decltype_incomplete_return_types
    Feature record: CXX_FEATURE:1cxx_default_function_template_args
    Feature record: CXX_FEATURE:1cxx_defaulted_functions
    Feature record: CXX_FEATURE:1cxx_defaulted_move_initializers
    Feature record: CXX_FEATURE:1cxx_delegating_constructors
    Feature record: CXX_FEATURE:1cxx_deleted_functions
    Feature record: CXX_FEATURE:1cxx_digit_separators
    Feature record: CXX_FEATURE:1cxx_enum_forward_declarations
    Feature record: CXX_FEATURE:1cxx_explicit_conversions
    Feature record: CXX_FEATURE:1cxx_extended_friend_declarations
    Feature record: CXX_FEATURE:1cxx_extern_templates
    Feature record: CXX_FEATURE:1cxx_final
    Feature record: CXX_FEATURE:1cxx_func_identifier
    Feature record: CXX_FEATURE:1cxx_generalized_initializers
    Feature record: CXX_FEATURE:1cxx_generic_lambdas
    Feature record: CXX_FEATURE:1cxx_inheriting_constructors
    Feature record: CXX_FEATURE:1cxx_inline_namespaces
    Feature record: CXX_FEATURE:1cxx_lambdas
    Feature record: CXX_FEATURE:1cxx_lambda_init_captures
    Feature record: CXX_FEATURE:1cxx_local_type_template_args
    Feature record: CXX_FEATURE:1cxx_long_long_type
    Feature record: CXX_FEATURE:1cxx_noexcept
    Feature record: CXX_FEATURE:1cxx_nonstatic_member_init
    Feature record: CXX_FEATURE:1cxx_nullptr
    Feature record: CXX_FEATURE:1cxx_override
    Feature record: CXX_FEATURE:1cxx_range_for
    Feature record: CXX_FEATURE:1cxx_raw_string_literals
    Feature record: CXX_FEATURE:1cxx_reference_qualified_functions
    Feature record: CXX_FEATURE:1cxx_relaxed_constexpr
    Feature record: CXX_FEATURE:1cxx_return_type_deduction
    Feature record: CXX_FEATURE:1cxx_right_angle_brackets
    Feature record: CXX_FEATURE:1cxx_rvalue_references
    Feature record: CXX_FEATURE:1cxx_sizeof_member
    Feature record: CXX_FEATURE:1cxx_static_assert
    Feature record: CXX_FEATURE:1cxx_strong_enums
    Feature record: CXX_FEATURE:1cxx_template_template_parameters
    Feature record: CXX_FEATURE:1cxx_thread_local
    Feature record: CXX_FEATURE:1cxx_trailing_return_types
    Feature record: CXX_FEATURE:1cxx_unicode_literals
    Feature record: CXX_FEATURE:1cxx_uniform_initialization
    Feature record: CXX_FEATURE:1cxx_unrestricted_unions
    Feature record: CXX_FEATURE:1cxx_user_literals
    Feature record: CXX_FEATURE:1cxx_variable_templates
    Feature record: CXX_FEATURE:1cxx_variadic_macros
    Feature record: CXX_FEATURE:1cxx_variadic_templates


Detecting CXX [-std=c++11] compiler features compiled with the following output:
Change Dir: /home/shenjun/development/ttsDemo/cmake-build-debug-arm-linux-gnueabihf_32/CMakeFiles/CMakeTmp

Run Build Command:"/usr/bin/make" "cmTC_2ecb6/fast"
/usr/bin/make -f CMakeFiles/cmTC_2ecb6.dir/build.make CMakeFiles/cmTC_2ecb6.dir/build
make[1]: Entering directory '/home/shenjun/development/ttsDemo/cmake-build-debug-arm-linux-gnueabihf_32/CMakeFiles/CMakeTmp'
Building CXX object CMakeFiles/cmTC_2ecb6.dir/feature_tests.cxx.o
/home/shenjun/tools/gcc-linaro-5.4.1-2017.01-i686_arm-linux-gnueabihf/bin/arm-linux-gnueabihf-g++    -std=c++11 -o CMakeFiles/cmTC_2ecb6.dir/feature_tests.cxx.o -c /home/shenjun/development/ttsDemo/cmake-build-debug-arm-linux-gnueabihf_32/CMakeFiles/feature_tests.cxx
Linking CXX executable cmTC_2ecb6
/home/shenjun/tools/cmake-3.12.2/bin/cmake -E cmake_link_script CMakeFiles/cmTC_2ecb6.dir/link.txt --verbose=1
/home/shenjun/tools/gcc-linaro-5.4.1-2017.01-i686_arm-linux-gnueabihf/bin/arm-linux-gnueabihf-g++       CMakeFiles/cmTC_2ecb6.dir/feature_tests.cxx.o  -o cmTC_2ecb6 
make[1]: Leaving directory '/home/shenjun/development/ttsDemo/cmake-build-debug-arm-linux-gnueabihf_32/CMakeFiles/CMakeTmp'


    Feature record: CXX_FEATURE:0cxx_aggregate_default_initializers
    Feature record: CXX_FEATURE:1cxx_alias_templates
    Feature record: CXX_FEATURE:1cxx_alignas
    Feature record: CXX_FEATURE:1cxx_alignof
    Feature record: CXX_FEATURE:1cxx_attributes
    Feature record: CXX_FEATURE:0cxx_attribute_deprecated
    Feature record: CXX_FEATURE:1cxx_auto_type
    Feature record: CXX_FEATURE:0cxx_binary_literals
    Feature record: CXX_FEATURE:1cxx_constexpr
    Feature record: CXX_FEATURE:0cxx_contextual_conversions
    Feature record: CXX_FEATURE:1cxx_decltype
    Feature record: CXX_FEATURE:0cxx_decltype_auto
    Feature record: CXX_FEATURE:1cxx_decltype_incomplete_return_types
    Feature record: CXX_FEATURE:1cxx_default_function_template_args
    Feature record: CXX_FEATURE:1cxx_defaulted_functions
    Feature record: CXX_FEATURE:1cxx_defaulted_move_initializers
    Feature record: CXX_FEATURE:1cxx_delegating_constructors
    Feature record: CXX_FEATURE:1cxx_deleted_functions
    Feature record: CXX_FEATURE:0cxx_digit_separators
    Feature record: CXX_FEATURE:1cxx_enum_forward_declarations
    Feature record: CXX_FEATURE:1cxx_explicit_conversions
    Feature record: CXX_FEATURE:1cxx_extended_friend_declarations
    Feature record: CXX_FEATURE:1cxx_extern_templates
    Feature record: CXX_FEATURE:1cxx_final
    Feature record: CXX_FEATURE:1cxx_func_identifier
    Feature record: CXX_FEATURE:1cxx_generalized_initializers
    Feature record: CXX_FEATURE:0cxx_generic_lambdas
    Feature record: CXX_FEATURE:1cxx_inheriting_constructors
    Feature record: CXX_FEATURE:1cxx_inline_namespaces
    Feature record: CXX_FEATURE:1cxx_lambdas
    Feature record: CXX_FEATURE:0cxx_lambda_init_captures
    Feature record: CXX_FEATURE:1cxx_local_type_template_args
    Feature record: CXX_FEATURE:1cxx_long_long_type
    Feature record: CXX_FEATURE:1cxx_noexcept
    Feature record: CXX_FEATURE:1cxx_nonstatic_member_init
    Feature record: CXX_FEATURE:1cxx_nullptr
    Feature record: CXX_FEATURE:1cxx_override
    Feature record: CXX_FEATURE:1cxx_range_for
    Feature record: CXX_FEATURE:1cxx_raw_string_literals
    Feature record: CXX_FEATURE:1cxx_reference_qualified_functions
    Feature record: CXX_FEATURE:0cxx_relaxed_constexpr
    Feature record: CXX_FEATURE:0cxx_return_type_deduction
    Feature record: CXX_FEATURE:1cxx_right_angle_brackets
    Feature record: CXX_FEATURE:1cxx_rvalue_references
    Feature record: CXX_FEATURE:1cxx_sizeof_member
    Feature record: CXX_FEATURE:1cxx_static_assert
    Feature record: CXX_FEATURE:1cxx_strong_enums
    Feature record: CXX_FEATURE:1cxx_template_template_parameters
    Feature record: CXX_FEATURE:1cxx_thread_local
    Feature record: CXX_FEATURE:1cxx_trailing_return_types
    Feature record: CXX_FEATURE:1cxx_unicode_literals
    Feature record: CXX_FEATURE:1cxx_uniform_initialization
    Feature record: CXX_FEATURE:1cxx_unrestricted_unions
    Feature record: CXX_FEATURE:1cxx_user_literals
    Feature record: CXX_FEATURE:0cxx_variable_templates
    Feature record: CXX_FEATURE:1cxx_variadic_macros
    Feature record: CXX_FEATURE:1cxx_variadic_templates


Detecting CXX [-std=c++98] compiler features compiled with the following output:
Change Dir: /home/shenjun/development/ttsDemo/cmake-build-debug-arm-linux-gnueabihf_32/CMakeFiles/CMakeTmp

Run Build Command:"/usr/bin/make" "cmTC_fa7e4/fast"
/usr/bin/make -f CMakeFiles/cmTC_fa7e4.dir/build.make CMakeFiles/cmTC_fa7e4.dir/build
make[1]: Entering directory '/home/shenjun/development/ttsDemo/cmake-build-debug-arm-linux-gnueabihf_32/CMakeFiles/CMakeTmp'
Building CXX object CMakeFiles/cmTC_fa7e4.dir/feature_tests.cxx.o
/home/shenjun/tools/gcc-linaro-5.4.1-2017.01-i686_arm-linux-gnueabihf/bin/arm-linux-gnueabihf-g++    -std=c++98 -o CMakeFiles/cmTC_fa7e4.dir/feature_tests.cxx.o -c /home/shenjun/development/ttsDemo/cmake-build-debug-arm-linux-gnueabihf_32/CMakeFiles/feature_tests.cxx
Linking CXX executable cmTC_fa7e4
/home/shenjun/tools/cmake-3.12.2/bin/cmake -E cmake_link_script CMakeFiles/cmTC_fa7e4.dir/link.txt --verbose=1
/home/shenjun/tools/gcc-linaro-5.4.1-2017.01-i686_arm-linux-gnueabihf/bin/arm-linux-gnueabihf-g++       CMakeFiles/cmTC_fa7e4.dir/feature_tests.cxx.o  -o cmTC_fa7e4 
make[1]: Leaving directory '/home/shenjun/development/ttsDemo/cmake-build-debug-arm-linux-gnueabihf_32/CMakeFiles/CMakeTmp'


    Feature record: CXX_FEATURE:0cxx_aggregate_default_initializers
    Feature record: CXX_FEATURE:0cxx_alias_templates
    Feature record: CXX_FEATURE:0cxx_alignas
    Feature record: CXX_FEATURE:0cxx_alignof
    Feature record: CXX_FEATURE:0cxx_attributes
    Feature record: CXX_FEATURE:0cxx_attribute_deprecated
    Feature record: CXX_FEATURE:0cxx_auto_type
    Feature record: CXX_FEATURE:0cxx_binary_literals
    Feature record: CXX_FEATURE:0cxx_constexpr
    Feature record: CXX_FEATURE:0cxx_contextual_conversions
    Feature record: CXX_FEATURE:0cxx_decltype
    Feature record: CXX_FEATURE:0cxx_decltype_auto
    Feature record: CXX_FEATURE:0cxx_decltype_incomplete_return_types
    Feature record: CXX_FEATURE:0cxx_default_function_template_args
    Feature record: CXX_FEATURE:0cxx_defaulted_functions
    Feature record: CXX_FEATURE:0cxx_defaulted_move_initializers
    Feature record: CXX_FEATURE:0cxx_delegating_constructors
    Feature record: CXX_FEATURE:0cxx_deleted_functions
    Feature record: CXX_FEATURE:0cxx_digit_separators
    Feature record: CXX_FEATURE:0cxx_enum_forward_declarations
    Feature record: CXX_FEATURE:0cxx_explicit_conversions
    Feature record: CXX_FEATURE:0cxx_extended_friend_declarations
    Feature record: CXX_FEATURE:0cxx_extern_templates
    Feature record: CXX_FEATURE:0cxx_final
    Feature record: CXX_FEATURE:0cxx_func_identifier
    Feature record: CXX_FEATURE:0cxx_generalized_initializers
    Feature record: CXX_FEATURE:0cxx_generic_lambdas
    Feature record: CXX_FEATURE:0cxx_inheriting_constructors
    Feature record: CXX_FEATURE:0cxx_inline_namespaces
    Feature record: CXX_FEATURE:0cxx_lambdas
    Feature record: CXX_FEATURE:0cxx_lambda_init_captures
    Feature record: CXX_FEATURE:0cxx_local_type_template_args
    Feature record: CXX_FEATURE:0cxx_long_long_type
    Feature record: CXX_FEATURE:0cxx_noexcept
    Feature record: CXX_FEATURE:0cxx_nonstatic_member_init
    Feature record: CXX_FEATURE:0cxx_nullptr
    Feature record: CXX_FEATURE:0cxx_override
    Feature record: CXX_FEATURE:0cxx_range_for
    Feature record: CXX_FEATURE:0cxx_raw_string_literals
    Feature record: CXX_FEATURE:0cxx_reference_qualified_functions
    Feature record: CXX_FEATURE:0cxx_relaxed_constexpr
    Feature record: CXX_FEATURE:0cxx_return_type_deduction
    Feature record: CXX_FEATURE:0cxx_right_angle_brackets
    Feature record: CXX_FEATURE:0cxx_rvalue_references
    Feature record: CXX_FEATURE:0cxx_sizeof_member
    Feature record: CXX_FEATURE:0cxx_static_assert
    Feature record: CXX_FEATURE:0cxx_strong_enums
    Feature record: CXX_FEATURE:1cxx_template_template_parameters
    Feature record: CXX_FEATURE:0cxx_thread_local
    Feature record: CXX_FEATURE:0cxx_trailing_return_types
    Feature record: CXX_FEATURE:0cxx_unicode_literals
    Feature record: CXX_FEATURE:0cxx_uniform_initialization
    Feature record: CXX_FEATURE:0cxx_unrestricted_unions
    Feature record: CXX_FEATURE:0cxx_user_literals
    Feature record: CXX_FEATURE:0cxx_variable_templates
    Feature record: CXX_FEATURE:0cxx_variadic_macros
    Feature record: CXX_FEATURE:0cxx_variadic_templates
