The system is: Linux - 4.10.0-28-generic - x86_64
Compiling the C compiler identification source file "CMakeCCompilerId.c" succeeded.
Compiler: /usr/bin/arm-linux-gnueabi-gcc 
Build flags: 
Id flags:  

The output was:
0


Compilation of the C compiler identification source "CMakeCCompilerId.c" produced "a.out"

The C compiler identification is GNU, found in "/home/shenjun/development/ttsDemo/cmake-build-debug-arm-linux-gnueabi/CMakeFiles/3.12.2/CompilerIdC/a.out"

Compiling the CXX compiler identification source file "CMakeCXXCompilerId.cpp" succeeded.
Compiler: /usr/bin/arm-linux-gnueabi-g++ 
Build flags: 
Id flags:  

The output was:
0


Compilation of the CXX compiler identification source "CMakeCXXCompilerId.cpp" produced "a.out"

The CXX compiler identification is GNU, found in "/home/shenjun/development/ttsDemo/cmake-build-debug-arm-linux-gnueabi/CMakeFiles/3.12.2/CompilerIdCXX/a.out"

Determining if the C compiler works passed with the following output:
Change Dir: /home/shenjun/development/ttsDemo/cmake-build-debug-arm-linux-gnueabi/CMakeFiles/CMakeTmp

Run Build Command:"/usr/bin/make" "cmTC_75f8f/fast"
/usr/bin/make -f CMakeFiles/cmTC_75f8f.dir/build.make CMakeFiles/cmTC_75f8f.dir/build
make[1]: Entering directory '/home/shenjun/development/ttsDemo/cmake-build-debug-arm-linux-gnueabi/CMakeFiles/CMakeTmp'
Building C object CMakeFiles/cmTC_75f8f.dir/testCCompiler.c.o
/usr/bin/arm-linux-gnueabi-gcc    -o CMakeFiles/cmTC_75f8f.dir/testCCompiler.c.o   -c /home/shenjun/development/ttsDemo/cmake-build-debug-arm-linux-gnueabi/CMakeFiles/CMakeTmp/testCCompiler.c
Linking C executable cmTC_75f8f
/home/shenjun/tools/cmake-3.12.2/bin/cmake -E cmake_link_script CMakeFiles/cmTC_75f8f.dir/link.txt --verbose=1
/usr/bin/arm-linux-gnueabi-gcc      CMakeFiles/cmTC_75f8f.dir/testCCompiler.c.o  -o cmTC_75f8f 
make[1]: Leaving directory '/home/shenjun/development/ttsDemo/cmake-build-debug-arm-linux-gnueabi/CMakeFiles/CMakeTmp'


Detecting C compiler ABI info compiled with the following output:
Change Dir: /home/shenjun/development/ttsDemo/cmake-build-debug-arm-linux-gnueabi/CMakeFiles/CMakeTmp

Run Build Command:"/usr/bin/make" "cmTC_7798b/fast"
/usr/bin/make -f CMakeFiles/cmTC_7798b.dir/build.make CMakeFiles/cmTC_7798b.dir/build
make[1]: Entering directory '/home/shenjun/development/ttsDemo/cmake-build-debug-arm-linux-gnueabi/CMakeFiles/CMakeTmp'
Building C object CMakeFiles/cmTC_7798b.dir/CMakeCCompilerABI.c.o
/usr/bin/arm-linux-gnueabi-gcc    -o CMakeFiles/cmTC_7798b.dir/CMakeCCompilerABI.c.o   -c /home/shenjun/tools/cmake-3.12.2/Modules/CMakeCCompilerABI.c
Linking C executable cmTC_7798b
/home/shenjun/tools/cmake-3.12.2/bin/cmake -E cmake_link_script CMakeFiles/cmTC_7798b.dir/link.txt --verbose=1
/usr/bin/arm-linux-gnueabi-gcc     -v CMakeFiles/cmTC_7798b.dir/CMakeCCompilerABI.c.o  -o cmTC_7798b 
Using built-in specs.
COLLECT_GCC=/usr/bin/arm-linux-gnueabi-gcc
COLLECT_LTO_WRAPPER=/usr/lib/gcc-cross/arm-linux-gnueabi/5/lto-wrapper
Target: arm-linux-gnueabi
Configured with: ../src/configure -v --with-pkgversion='Ubuntu/Linaro 5.4.0-6ubuntu1~16.04.9' --with-bugurl=file:///usr/share/doc/gcc-5/README.Bugs --enable-languages=c,ada,c++,java,go,d,fortran,objc,obj-c++ --prefix=/usr --program-suffix=-5 --enable-shared --enable-linker-build-id --libexecdir=/usr/lib --without-included-gettext --enable-threads=posix --libdir=/usr/lib --enable-nls --with-sysroot=/ --enable-clocale=gnu --enable-libstdcxx-debug --enable-libstdcxx-time=yes --with-default-libstdcxx-abi=new --enable-gnu-unique-object --disable-libitm --disable-libquadmath --enable-plugin --with-system-zlib --disable-browser-plugin --enable-java-awt=gtk --enable-gtk-cairo --with-java-home=/usr/lib/jvm/java-1.5.0-gcj-5-armel-cross/jre --enable-java-home --with-jvm-root-dir=/usr/lib/jvm/java-1.5.0-gcj-5-armel-cross --with-jvm-jar-dir=/usr/lib/jvm-exports/java-1.5.0-gcj-5-armel-cross --with-arch-directory=arm --with-ecj-jar=/usr/share/java/eclipse-ecj.jar --disable-libgcj --enable-objc-gc --enable-multiarch --enable-multilib --disable-sjlj-exceptions --with-arch=armv5t --with-float=soft --disable-werror --enable-multilib --enable-checking=release --build=x86_64-linux-gnu --host=x86_64-linux-gnu --target=arm-linux-gnueabi --program-prefix=arm-linux-gnueabi- --includedir=/usr/arm-linux-gnueabi/include
Thread model: posix
gcc version 5.4.0 20160609 (Ubuntu/Linaro 5.4.0-6ubuntu1~16.04.9) 
COMPILER_PATH=/usr/lib/gcc-cross/arm-linux-gnueabi/5/:/usr/lib/gcc-cross/arm-linux-gnueabi/5/:/usr/lib/gcc-cross/arm-linux-gnueabi/:/usr/lib/gcc-cross/arm-linux-gnueabi/5/:/usr/lib/gcc-cross/arm-linux-gnueabi/:/usr/lib/gcc-cross/arm-linux-gnueabi/5/../../../../arm-linux-gnueabi/bin/
LIBRARY_PATH=/usr/lib/gcc-cross/arm-linux-gnueabi/5/:/usr/lib/gcc-cross/arm-linux-gnueabi/5/../../../../arm-linux-gnueabi/lib/../lib/:/lib/../lib/:/usr/lib/../lib/:/usr/lib/gcc-cross/arm-linux-gnueabi/5/../../../../arm-linux-gnueabi/lib/:/lib/:/usr/lib/
COLLECT_GCC_OPTIONS='-v' '-o' 'cmTC_7798b' '-march=armv5t' '-mfloat-abi=soft' '-mtls-dialect=gnu'
 /usr/lib/gcc-cross/arm-linux-gnueabi/5/collect2 -plugin /usr/lib/gcc-cross/arm-linux-gnueabi/5/liblto_plugin.so -plugin-opt=/usr/lib/gcc-cross/arm-linux-gnueabi/5/lto-wrapper -plugin-opt=-fresolution=/tmp/ccjJGkaY.res -plugin-opt=-pass-through=-lgcc -plugin-opt=-pass-through=-lgcc_s -plugin-opt=-pass-through=-lc -plugin-opt=-pass-through=-lgcc -plugin-opt=-pass-through=-lgcc_s --sysroot=/ --build-id --eh-frame-hdr -dynamic-linker /lib/ld-linux.so.3 -X --hash-style=gnu --as-needed -m armelf_linux_eabi -z relro -o cmTC_7798b /usr/lib/gcc-cross/arm-linux-gnueabi/5/../../../../arm-linux-gnueabi/lib/../lib/crt1.o /usr/lib/gcc-cross/arm-linux-gnueabi/5/../../../../arm-linux-gnueabi/lib/../lib/crti.o /usr/lib/gcc-cross/arm-linux-gnueabi/5/crtbegin.o -L/usr/lib/gcc-cross/arm-linux-gnueabi/5 -L/usr/lib/gcc-cross/arm-linux-gnueabi/5/../../../../arm-linux-gnueabi/lib/../lib -L/lib/../lib -L/usr/lib/../lib -L/usr/lib/gcc-cross/arm-linux-gnueabi/5/../../../../arm-linux-gnueabi/lib CMakeFiles/cmTC_7798b.dir/CMakeCCompilerABI.c.o -lgcc --as-needed -lgcc_s --no-as-needed -lc -lgcc --as-needed -lgcc_s --no-as-needed /usr/lib/gcc-cross/arm-linux-gnueabi/5/crtend.o /usr/lib/gcc-cross/arm-linux-gnueabi/5/../../../../arm-linux-gnueabi/lib/../lib/crtn.o
make[1]: Leaving directory '/home/shenjun/development/ttsDemo/cmake-build-debug-arm-linux-gnueabi/CMakeFiles/CMakeTmp'


Parsed C implicit link information from above output:
  link line regex: [^( *|.*[/\])(ld|CMAKE_LINK_STARTFILE-NOTFOUND|([^/\]+-)?ld|collect2)[^/\]*( |$)]
  ignore line: [Change Dir: /home/shenjun/development/ttsDemo/cmake-build-debug-arm-linux-gnueabi/CMakeFiles/CMakeTmp]
  ignore line: []
  ignore line: [Run Build Command:"/usr/bin/make" "cmTC_7798b/fast"]
  ignore line: [/usr/bin/make -f CMakeFiles/cmTC_7798b.dir/build.make CMakeFiles/cmTC_7798b.dir/build]
  ignore line: [make[1]: Entering directory '/home/shenjun/development/ttsDemo/cmake-build-debug-arm-linux-gnueabi/CMakeFiles/CMakeTmp']
  ignore line: [Building C object CMakeFiles/cmTC_7798b.dir/CMakeCCompilerABI.c.o]
  ignore line: [/usr/bin/arm-linux-gnueabi-gcc    -o CMakeFiles/cmTC_7798b.dir/CMakeCCompilerABI.c.o   -c /home/shenjun/tools/cmake-3.12.2/Modules/CMakeCCompilerABI.c]
  ignore line: [Linking C executable cmTC_7798b]
  ignore line: [/home/shenjun/tools/cmake-3.12.2/bin/cmake -E cmake_link_script CMakeFiles/cmTC_7798b.dir/link.txt --verbose=1]
  ignore line: [/usr/bin/arm-linux-gnueabi-gcc     -v CMakeFiles/cmTC_7798b.dir/CMakeCCompilerABI.c.o  -o cmTC_7798b ]
  ignore line: [Using built-in specs.]
  ignore line: [COLLECT_GCC=/usr/bin/arm-linux-gnueabi-gcc]
  ignore line: [COLLECT_LTO_WRAPPER=/usr/lib/gcc-cross/arm-linux-gnueabi/5/lto-wrapper]
  ignore line: [Target: arm-linux-gnueabi]
  ignore line: [Configured with: ../src/configure -v --with-pkgversion='Ubuntu/Linaro 5.4.0-6ubuntu1~16.04.9' --with-bugurl=file:///usr/share/doc/gcc-5/README.Bugs --enable-languages=c,ada,c++,java,go,d,fortran,objc,obj-c++ --prefix=/usr --program-suffix=-5 --enable-shared --enable-linker-build-id --libexecdir=/usr/lib --without-included-gettext --enable-threads=posix --libdir=/usr/lib --enable-nls --with-sysroot=/ --enable-clocale=gnu --enable-libstdcxx-debug --enable-libstdcxx-time=yes --with-default-libstdcxx-abi=new --enable-gnu-unique-object --disable-libitm --disable-libquadmath --enable-plugin --with-system-zlib --disable-browser-plugin --enable-java-awt=gtk --enable-gtk-cairo --with-java-home=/usr/lib/jvm/java-1.5.0-gcj-5-armel-cross/jre --enable-java-home --with-jvm-root-dir=/usr/lib/jvm/java-1.5.0-gcj-5-armel-cross --with-jvm-jar-dir=/usr/lib/jvm-exports/java-1.5.0-gcj-5-armel-cross --with-arch-directory=arm --with-ecj-jar=/usr/share/java/eclipse-ecj.jar --disable-libgcj --enable-objc-gc --enable-multiarch --enable-multilib --disable-sjlj-exceptions --with-arch=armv5t --with-float=soft --disable-werror --enable-multilib --enable-checking=release --build=x86_64-linux-gnu --host=x86_64-linux-gnu --target=arm-linux-gnueabi --program-prefix=arm-linux-gnueabi- --includedir=/usr/arm-linux-gnueabi/include]
  ignore line: [Thread model: posix]
  ignore line: [gcc version 5.4.0 20160609 (Ubuntu/Linaro 5.4.0-6ubuntu1~16.04.9) ]
  ignore line: [COMPILER_PATH=/usr/lib/gcc-cross/arm-linux-gnueabi/5/:/usr/lib/gcc-cross/arm-linux-gnueabi/5/:/usr/lib/gcc-cross/arm-linux-gnueabi/:/usr/lib/gcc-cross/arm-linux-gnueabi/5/:/usr/lib/gcc-cross/arm-linux-gnueabi/:/usr/lib/gcc-cross/arm-linux-gnueabi/5/../../../../arm-linux-gnueabi/bin/]
  ignore line: [LIBRARY_PATH=/usr/lib/gcc-cross/arm-linux-gnueabi/5/:/usr/lib/gcc-cross/arm-linux-gnueabi/5/../../../../arm-linux-gnueabi/lib/../lib/:/lib/../lib/:/usr/lib/../lib/:/usr/lib/gcc-cross/arm-linux-gnueabi/5/../../../../arm-linux-gnueabi/lib/:/lib/:/usr/lib/]
  ignore line: [COLLECT_GCC_OPTIONS='-v' '-o' 'cmTC_7798b' '-march=armv5t' '-mfloat-abi=soft' '-mtls-dialect=gnu']
  link line: [ /usr/lib/gcc-cross/arm-linux-gnueabi/5/collect2 -plugin /usr/lib/gcc-cross/arm-linux-gnueabi/5/liblto_plugin.so -plugin-opt=/usr/lib/gcc-cross/arm-linux-gnueabi/5/lto-wrapper -plugin-opt=-fresolution=/tmp/ccjJGkaY.res -plugin-opt=-pass-through=-lgcc -plugin-opt=-pass-through=-lgcc_s -plugin-opt=-pass-through=-lc -plugin-opt=-pass-through=-lgcc -plugin-opt=-pass-through=-lgcc_s --sysroot=/ --build-id --eh-frame-hdr -dynamic-linker /lib/ld-linux.so.3 -X --hash-style=gnu --as-needed -m armelf_linux_eabi -z relro -o cmTC_7798b /usr/lib/gcc-cross/arm-linux-gnueabi/5/../../../../arm-linux-gnueabi/lib/../lib/crt1.o /usr/lib/gcc-cross/arm-linux-gnueabi/5/../../../../arm-linux-gnueabi/lib/../lib/crti.o /usr/lib/gcc-cross/arm-linux-gnueabi/5/crtbegin.o -L/usr/lib/gcc-cross/arm-linux-gnueabi/5 -L/usr/lib/gcc-cross/arm-linux-gnueabi/5/../../../../arm-linux-gnueabi/lib/../lib -L/lib/../lib -L/usr/lib/../lib -L/usr/lib/gcc-cross/arm-linux-gnueabi/5/../../../../arm-linux-gnueabi/lib CMakeFiles/cmTC_7798b.dir/CMakeCCompilerABI.c.o -lgcc --as-needed -lgcc_s --no-as-needed -lc -lgcc --as-needed -lgcc_s --no-as-needed /usr/lib/gcc-cross/arm-linux-gnueabi/5/crtend.o /usr/lib/gcc-cross/arm-linux-gnueabi/5/../../../../arm-linux-gnueabi/lib/../lib/crtn.o]
    arg [/usr/lib/gcc-cross/arm-linux-gnueabi/5/collect2] ==> ignore
    arg [-plugin] ==> ignore
    arg [/usr/lib/gcc-cross/arm-linux-gnueabi/5/liblto_plugin.so] ==> ignore
    arg [-plugin-opt=/usr/lib/gcc-cross/arm-linux-gnueabi/5/lto-wrapper] ==> ignore
    arg [-plugin-opt=-fresolution=/tmp/ccjJGkaY.res] ==> ignore
    arg [-plugin-opt=-pass-through=-lgcc] ==> ignore
    arg [-plugin-opt=-pass-through=-lgcc_s] ==> ignore
    arg [-plugin-opt=-pass-through=-lc] ==> ignore
    arg [-plugin-opt=-pass-through=-lgcc] ==> ignore
    arg [-plugin-opt=-pass-through=-lgcc_s] ==> ignore
    arg [--sysroot=/] ==> ignore
    arg [--build-id] ==> ignore
    arg [--eh-frame-hdr] ==> ignore
    arg [-dynamic-linker] ==> ignore
    arg [/lib/ld-linux.so.3] ==> ignore
    arg [-X] ==> ignore
    arg [--hash-style=gnu] ==> ignore
    arg [--as-needed] ==> ignore
    arg [-m] ==> ignore
    arg [armelf_linux_eabi] ==> ignore
    arg [-zrelro] ==> ignore
    arg [-o] ==> ignore
    arg [cmTC_7798b] ==> ignore
    arg [/usr/lib/gcc-cross/arm-linux-gnueabi/5/../../../../arm-linux-gnueabi/lib/../lib/crt1.o] ==> ignore
    arg [/usr/lib/gcc-cross/arm-linux-gnueabi/5/../../../../arm-linux-gnueabi/lib/../lib/crti.o] ==> ignore
    arg [/usr/lib/gcc-cross/arm-linux-gnueabi/5/crtbegin.o] ==> ignore
    arg [-L/usr/lib/gcc-cross/arm-linux-gnueabi/5] ==> dir [/usr/lib/gcc-cross/arm-linux-gnueabi/5]
    arg [-L/usr/lib/gcc-cross/arm-linux-gnueabi/5/../../../../arm-linux-gnueabi/lib/../lib] ==> dir [/usr/lib/gcc-cross/arm-linux-gnueabi/5/../../../../arm-linux-gnueabi/lib/../lib]
    arg [-L/lib/../lib] ==> dir [/lib/../lib]
    arg [-L/usr/lib/../lib] ==> dir [/usr/lib/../lib]
    arg [-L/usr/lib/gcc-cross/arm-linux-gnueabi/5/../../../../arm-linux-gnueabi/lib] ==> dir [/usr/lib/gcc-cross/arm-linux-gnueabi/5/../../../../arm-linux-gnueabi/lib]
    arg [CMakeFiles/cmTC_7798b.dir/CMakeCCompilerABI.c.o] ==> ignore
    arg [-lgcc] ==> lib [gcc]
    arg [--as-needed] ==> ignore
    arg [-lgcc_s] ==> lib [gcc_s]
    arg [--no-as-needed] ==> ignore
    arg [-lc] ==> lib [c]
    arg [-lgcc] ==> lib [gcc]
    arg [--as-needed] ==> ignore
    arg [-lgcc_s] ==> lib [gcc_s]
    arg [--no-as-needed] ==> ignore
    arg [/usr/lib/gcc-cross/arm-linux-gnueabi/5/crtend.o] ==> ignore
    arg [/usr/lib/gcc-cross/arm-linux-gnueabi/5/../../../../arm-linux-gnueabi/lib/../lib/crtn.o] ==> ignore
  collapse library dir [/usr/lib/gcc-cross/arm-linux-gnueabi/5] ==> [/usr/lib/gcc-cross/arm-linux-gnueabi/5]
  collapse library dir [/usr/lib/gcc-cross/arm-linux-gnueabi/5/../../../../arm-linux-gnueabi/lib/../lib] ==> [/usr/arm-linux-gnueabi/lib]
  collapse library dir [/lib/../lib] ==> [/lib]
  collapse library dir [/usr/lib/../lib] ==> [/usr/lib]
  collapse library dir [/usr/lib/gcc-cross/arm-linux-gnueabi/5/../../../../arm-linux-gnueabi/lib] ==> [/usr/arm-linux-gnueabi/lib]
  implicit libs: [gcc;gcc_s;c;gcc;gcc_s]
  implicit dirs: [/usr/lib/gcc-cross/arm-linux-gnueabi/5;/usr/arm-linux-gnueabi/lib;/lib;/usr/lib]
  implicit fwks: []




Detecting C [-std=c11] compiler features compiled with the following output:
Change Dir: /home/shenjun/development/ttsDemo/cmake-build-debug-arm-linux-gnueabi/CMakeFiles/CMakeTmp

Run Build Command:"/usr/bin/make" "cmTC_829b8/fast"
/usr/bin/make -f CMakeFiles/cmTC_829b8.dir/build.make CMakeFiles/cmTC_829b8.dir/build
make[1]: Entering directory '/home/shenjun/development/ttsDemo/cmake-build-debug-arm-linux-gnueabi/CMakeFiles/CMakeTmp'
Building C object CMakeFiles/cmTC_829b8.dir/feature_tests.c.o
/usr/bin/arm-linux-gnueabi-gcc   -std=c11 -o CMakeFiles/cmTC_829b8.dir/feature_tests.c.o   -c /home/shenjun/development/ttsDemo/cmake-build-debug-arm-linux-gnueabi/CMakeFiles/feature_tests.c
Linking C executable cmTC_829b8
/home/shenjun/tools/cmake-3.12.2/bin/cmake -E cmake_link_script CMakeFiles/cmTC_829b8.dir/link.txt --verbose=1
/usr/bin/arm-linux-gnueabi-gcc      CMakeFiles/cmTC_829b8.dir/feature_tests.c.o  -o cmTC_829b8 
make[1]: Leaving directory '/home/shenjun/development/ttsDemo/cmake-build-debug-arm-linux-gnueabi/CMakeFiles/CMakeTmp'


    Feature record: C_FEATURE:1c_function_prototypes
    Feature record: C_FEATURE:1c_restrict
    Feature record: C_FEATURE:1c_static_assert
    Feature record: C_FEATURE:1c_variadic_macros


Detecting C [-std=c99] compiler features compiled with the following output:
Change Dir: /home/shenjun/development/ttsDemo/cmake-build-debug-arm-linux-gnueabi/CMakeFiles/CMakeTmp

Run Build Command:"/usr/bin/make" "cmTC_6356e/fast"
/usr/bin/make -f CMakeFiles/cmTC_6356e.dir/build.make CMakeFiles/cmTC_6356e.dir/build
make[1]: Entering directory '/home/shenjun/development/ttsDemo/cmake-build-debug-arm-linux-gnueabi/CMakeFiles/CMakeTmp'
Building C object CMakeFiles/cmTC_6356e.dir/feature_tests.c.o
/usr/bin/arm-linux-gnueabi-gcc   -std=c99 -o CMakeFiles/cmTC_6356e.dir/feature_tests.c.o   -c /home/shenjun/development/ttsDemo/cmake-build-debug-arm-linux-gnueabi/CMakeFiles/feature_tests.c
Linking C executable cmTC_6356e
/home/shenjun/tools/cmake-3.12.2/bin/cmake -E cmake_link_script CMakeFiles/cmTC_6356e.dir/link.txt --verbose=1
/usr/bin/arm-linux-gnueabi-gcc      CMakeFiles/cmTC_6356e.dir/feature_tests.c.o  -o cmTC_6356e 
make[1]: Leaving directory '/home/shenjun/development/ttsDemo/cmake-build-debug-arm-linux-gnueabi/CMakeFiles/CMakeTmp'


    Feature record: C_FEATURE:1c_function_prototypes
    Feature record: C_FEATURE:1c_restrict
    Feature record: C_FEATURE:0c_static_assert
    Feature record: C_FEATURE:1c_variadic_macros


Detecting C [-std=c90] compiler features compiled with the following output:
Change Dir: /home/shenjun/development/ttsDemo/cmake-build-debug-arm-linux-gnueabi/CMakeFiles/CMakeTmp

Run Build Command:"/usr/bin/make" "cmTC_5d66c/fast"
/usr/bin/make -f CMakeFiles/cmTC_5d66c.dir/build.make CMakeFiles/cmTC_5d66c.dir/build
make[1]: Entering directory '/home/shenjun/development/ttsDemo/cmake-build-debug-arm-linux-gnueabi/CMakeFiles/CMakeTmp'
Building C object CMakeFiles/cmTC_5d66c.dir/feature_tests.c.o
/usr/bin/arm-linux-gnueabi-gcc   -std=c90 -o CMakeFiles/cmTC_5d66c.dir/feature_tests.c.o   -c /home/shenjun/development/ttsDemo/cmake-build-debug-arm-linux-gnueabi/CMakeFiles/feature_tests.c
Linking C executable cmTC_5d66c
/home/shenjun/tools/cmake-3.12.2/bin/cmake -E cmake_link_script CMakeFiles/cmTC_5d66c.dir/link.txt --verbose=1
/usr/bin/arm-linux-gnueabi-gcc      CMakeFiles/cmTC_5d66c.dir/feature_tests.c.o  -o cmTC_5d66c 
make[1]: Leaving directory '/home/shenjun/development/ttsDemo/cmake-build-debug-arm-linux-gnueabi/CMakeFiles/CMakeTmp'


    Feature record: C_FEATURE:1c_function_prototypes
    Feature record: C_FEATURE:0c_restrict
    Feature record: C_FEATURE:0c_static_assert
    Feature record: C_FEATURE:0c_variadic_macros
Determining if the CXX compiler works passed with the following output:
Change Dir: /home/shenjun/development/ttsDemo/cmake-build-debug-arm-linux-gnueabi/CMakeFiles/CMakeTmp

Run Build Command:"/usr/bin/make" "cmTC_ed073/fast"
/usr/bin/make -f CMakeFiles/cmTC_ed073.dir/build.make CMakeFiles/cmTC_ed073.dir/build
make[1]: Entering directory '/home/shenjun/development/ttsDemo/cmake-build-debug-arm-linux-gnueabi/CMakeFiles/CMakeTmp'
Building CXX object CMakeFiles/cmTC_ed073.dir/testCXXCompiler.cxx.o
/usr/bin/arm-linux-gnueabi-g++     -o CMakeFiles/cmTC_ed073.dir/testCXXCompiler.cxx.o -c /home/shenjun/development/ttsDemo/cmake-build-debug-arm-linux-gnueabi/CMakeFiles/CMakeTmp/testCXXCompiler.cxx
Linking CXX executable cmTC_ed073
/home/shenjun/tools/cmake-3.12.2/bin/cmake -E cmake_link_script CMakeFiles/cmTC_ed073.dir/link.txt --verbose=1
/usr/bin/arm-linux-gnueabi-g++       CMakeFiles/cmTC_ed073.dir/testCXXCompiler.cxx.o  -o cmTC_ed073 
make[1]: Leaving directory '/home/shenjun/development/ttsDemo/cmake-build-debug-arm-linux-gnueabi/CMakeFiles/CMakeTmp'


Detecting CXX compiler ABI info compiled with the following output:
Change Dir: /home/shenjun/development/ttsDemo/cmake-build-debug-arm-linux-gnueabi/CMakeFiles/CMakeTmp

Run Build Command:"/usr/bin/make" "cmTC_db73a/fast"
/usr/bin/make -f CMakeFiles/cmTC_db73a.dir/build.make CMakeFiles/cmTC_db73a.dir/build
make[1]: Entering directory '/home/shenjun/development/ttsDemo/cmake-build-debug-arm-linux-gnueabi/CMakeFiles/CMakeTmp'
Building CXX object CMakeFiles/cmTC_db73a.dir/CMakeCXXCompilerABI.cpp.o
/usr/bin/arm-linux-gnueabi-g++     -o CMakeFiles/cmTC_db73a.dir/CMakeCXXCompilerABI.cpp.o -c /home/shenjun/tools/cmake-3.12.2/Modules/CMakeCXXCompilerABI.cpp
Linking CXX executable cmTC_db73a
/home/shenjun/tools/cmake-3.12.2/bin/cmake -E cmake_link_script CMakeFiles/cmTC_db73a.dir/link.txt --verbose=1
/usr/bin/arm-linux-gnueabi-g++      -v CMakeFiles/cmTC_db73a.dir/CMakeCXXCompilerABI.cpp.o  -o cmTC_db73a 
Using built-in specs.
COLLECT_GCC=/usr/bin/arm-linux-gnueabi-g++
COLLECT_LTO_WRAPPER=/usr/lib/gcc-cross/arm-linux-gnueabi/5/lto-wrapper
Target: arm-linux-gnueabi
Configured with: ../src/configure -v --with-pkgversion='Ubuntu/Linaro 5.4.0-6ubuntu1~16.04.9' --with-bugurl=file:///usr/share/doc/gcc-5/README.Bugs --enable-languages=c,ada,c++,java,go,d,fortran,objc,obj-c++ --prefix=/usr --program-suffix=-5 --enable-shared --enable-linker-build-id --libexecdir=/usr/lib --without-included-gettext --enable-threads=posix --libdir=/usr/lib --enable-nls --with-sysroot=/ --enable-clocale=gnu --enable-libstdcxx-debug --enable-libstdcxx-time=yes --with-default-libstdcxx-abi=new --enable-gnu-unique-object --disable-libitm --disable-libquadmath --enable-plugin --with-system-zlib --disable-browser-plugin --enable-java-awt=gtk --enable-gtk-cairo --with-java-home=/usr/lib/jvm/java-1.5.0-gcj-5-armel-cross/jre --enable-java-home --with-jvm-root-dir=/usr/lib/jvm/java-1.5.0-gcj-5-armel-cross --with-jvm-jar-dir=/usr/lib/jvm-exports/java-1.5.0-gcj-5-armel-cross --with-arch-directory=arm --with-ecj-jar=/usr/share/java/eclipse-ecj.jar --disable-libgcj --enable-objc-gc --enable-multiarch --enable-multilib --disable-sjlj-exceptions --with-arch=armv5t --with-float=soft --disable-werror --enable-multilib --enable-checking=release --build=x86_64-linux-gnu --host=x86_64-linux-gnu --target=arm-linux-gnueabi --program-prefix=arm-linux-gnueabi- --includedir=/usr/arm-linux-gnueabi/include
Thread model: posix
gcc version 5.4.0 20160609 (Ubuntu/Linaro 5.4.0-6ubuntu1~16.04.9) 
COMPILER_PATH=/usr/lib/gcc-cross/arm-linux-gnueabi/5/:/usr/lib/gcc-cross/arm-linux-gnueabi/5/:/usr/lib/gcc-cross/arm-linux-gnueabi/:/usr/lib/gcc-cross/arm-linux-gnueabi/5/:/usr/lib/gcc-cross/arm-linux-gnueabi/:/usr/lib/gcc-cross/arm-linux-gnueabi/5/../../../../arm-linux-gnueabi/bin/
LIBRARY_PATH=/usr/lib/gcc-cross/arm-linux-gnueabi/5/:/usr/lib/gcc-cross/arm-linux-gnueabi/5/../../../../arm-linux-gnueabi/lib/../lib/:/lib/../lib/:/usr/lib/../lib/:/usr/lib/gcc-cross/arm-linux-gnueabi/5/../../../../arm-linux-gnueabi/lib/:/lib/:/usr/lib/
COLLECT_GCC_OPTIONS='-v' '-o' 'cmTC_db73a' '-shared-libgcc' '-march=armv5t' '-mfloat-abi=soft' '-mtls-dialect=gnu'
 /usr/lib/gcc-cross/arm-linux-gnueabi/5/collect2 -plugin /usr/lib/gcc-cross/arm-linux-gnueabi/5/liblto_plugin.so -plugin-opt=/usr/lib/gcc-cross/arm-linux-gnueabi/5/lto-wrapper -plugin-opt=-fresolution=/tmp/cc7DpWjx.res -plugin-opt=-pass-through=-lgcc_s -plugin-opt=-pass-through=-lgcc -plugin-opt=-pass-through=-lc -plugin-opt=-pass-through=-lgcc_s -plugin-opt=-pass-through=-lgcc --sysroot=/ --build-id --eh-frame-hdr -dynamic-linker /lib/ld-linux.so.3 -X --hash-style=gnu --as-needed -m armelf_linux_eabi -z relro -o cmTC_db73a /usr/lib/gcc-cross/arm-linux-gnueabi/5/../../../../arm-linux-gnueabi/lib/../lib/crt1.o /usr/lib/gcc-cross/arm-linux-gnueabi/5/../../../../arm-linux-gnueabi/lib/../lib/crti.o /usr/lib/gcc-cross/arm-linux-gnueabi/5/crtbegin.o -L/usr/lib/gcc-cross/arm-linux-gnueabi/5 -L/usr/lib/gcc-cross/arm-linux-gnueabi/5/../../../../arm-linux-gnueabi/lib/../lib -L/lib/../lib -L/usr/lib/../lib -L/usr/lib/gcc-cross/arm-linux-gnueabi/5/../../../../arm-linux-gnueabi/lib CMakeFiles/cmTC_db73a.dir/CMakeCXXCompilerABI.cpp.o -lstdc++ -lm -lgcc_s -lgcc -lc -lgcc_s -lgcc /usr/lib/gcc-cross/arm-linux-gnueabi/5/crtend.o /usr/lib/gcc-cross/arm-linux-gnueabi/5/../../../../arm-linux-gnueabi/lib/../lib/crtn.o
make[1]: Leaving directory '/home/shenjun/development/ttsDemo/cmake-build-debug-arm-linux-gnueabi/CMakeFiles/CMakeTmp'


Parsed CXX implicit link information from above output:
  link line regex: [^( *|.*[/\])(ld|CMAKE_LINK_STARTFILE-NOTFOUND|([^/\]+-)?ld|collect2)[^/\]*( |$)]
  ignore line: [Change Dir: /home/shenjun/development/ttsDemo/cmake-build-debug-arm-linux-gnueabi/CMakeFiles/CMakeTmp]
  ignore line: []
  ignore line: [Run Build Command:"/usr/bin/make" "cmTC_db73a/fast"]
  ignore line: [/usr/bin/make -f CMakeFiles/cmTC_db73a.dir/build.make CMakeFiles/cmTC_db73a.dir/build]
  ignore line: [make[1]: Entering directory '/home/shenjun/development/ttsDemo/cmake-build-debug-arm-linux-gnueabi/CMakeFiles/CMakeTmp']
  ignore line: [Building CXX object CMakeFiles/cmTC_db73a.dir/CMakeCXXCompilerABI.cpp.o]
  ignore line: [/usr/bin/arm-linux-gnueabi-g++     -o CMakeFiles/cmTC_db73a.dir/CMakeCXXCompilerABI.cpp.o -c /home/shenjun/tools/cmake-3.12.2/Modules/CMakeCXXCompilerABI.cpp]
  ignore line: [Linking CXX executable cmTC_db73a]
  ignore line: [/home/shenjun/tools/cmake-3.12.2/bin/cmake -E cmake_link_script CMakeFiles/cmTC_db73a.dir/link.txt --verbose=1]
  ignore line: [/usr/bin/arm-linux-gnueabi-g++      -v CMakeFiles/cmTC_db73a.dir/CMakeCXXCompilerABI.cpp.o  -o cmTC_db73a ]
  ignore line: [Using built-in specs.]
  ignore line: [COLLECT_GCC=/usr/bin/arm-linux-gnueabi-g++]
  ignore line: [COLLECT_LTO_WRAPPER=/usr/lib/gcc-cross/arm-linux-gnueabi/5/lto-wrapper]
  ignore line: [Target: arm-linux-gnueabi]
  ignore line: [Configured with: ../src/configure -v --with-pkgversion='Ubuntu/Linaro 5.4.0-6ubuntu1~16.04.9' --with-bugurl=file:///usr/share/doc/gcc-5/README.Bugs --enable-languages=c,ada,c++,java,go,d,fortran,objc,obj-c++ --prefix=/usr --program-suffix=-5 --enable-shared --enable-linker-build-id --libexecdir=/usr/lib --without-included-gettext --enable-threads=posix --libdir=/usr/lib --enable-nls --with-sysroot=/ --enable-clocale=gnu --enable-libstdcxx-debug --enable-libstdcxx-time=yes --with-default-libstdcxx-abi=new --enable-gnu-unique-object --disable-libitm --disable-libquadmath --enable-plugin --with-system-zlib --disable-browser-plugin --enable-java-awt=gtk --enable-gtk-cairo --with-java-home=/usr/lib/jvm/java-1.5.0-gcj-5-armel-cross/jre --enable-java-home --with-jvm-root-dir=/usr/lib/jvm/java-1.5.0-gcj-5-armel-cross --with-jvm-jar-dir=/usr/lib/jvm-exports/java-1.5.0-gcj-5-armel-cross --with-arch-directory=arm --with-ecj-jar=/usr/share/java/eclipse-ecj.jar --disable-libgcj --enable-objc-gc --enable-multiarch --enable-multilib --disable-sjlj-exceptions --with-arch=armv5t --with-float=soft --disable-werror --enable-multilib --enable-checking=release --build=x86_64-linux-gnu --host=x86_64-linux-gnu --target=arm-linux-gnueabi --program-prefix=arm-linux-gnueabi- --includedir=/usr/arm-linux-gnueabi/include]
  ignore line: [Thread model: posix]
  ignore line: [gcc version 5.4.0 20160609 (Ubuntu/Linaro 5.4.0-6ubuntu1~16.04.9) ]
  ignore line: [COMPILER_PATH=/usr/lib/gcc-cross/arm-linux-gnueabi/5/:/usr/lib/gcc-cross/arm-linux-gnueabi/5/:/usr/lib/gcc-cross/arm-linux-gnueabi/:/usr/lib/gcc-cross/arm-linux-gnueabi/5/:/usr/lib/gcc-cross/arm-linux-gnueabi/:/usr/lib/gcc-cross/arm-linux-gnueabi/5/../../../../arm-linux-gnueabi/bin/]
  ignore line: [LIBRARY_PATH=/usr/lib/gcc-cross/arm-linux-gnueabi/5/:/usr/lib/gcc-cross/arm-linux-gnueabi/5/../../../../arm-linux-gnueabi/lib/../lib/:/lib/../lib/:/usr/lib/../lib/:/usr/lib/gcc-cross/arm-linux-gnueabi/5/../../../../arm-linux-gnueabi/lib/:/lib/:/usr/lib/]
  ignore line: [COLLECT_GCC_OPTIONS='-v' '-o' 'cmTC_db73a' '-shared-libgcc' '-march=armv5t' '-mfloat-abi=soft' '-mtls-dialect=gnu']
  link line: [ /usr/lib/gcc-cross/arm-linux-gnueabi/5/collect2 -plugin /usr/lib/gcc-cross/arm-linux-gnueabi/5/liblto_plugin.so -plugin-opt=/usr/lib/gcc-cross/arm-linux-gnueabi/5/lto-wrapper -plugin-opt=-fresolution=/tmp/cc7DpWjx.res -plugin-opt=-pass-through=-lgcc_s -plugin-opt=-pass-through=-lgcc -plugin-opt=-pass-through=-lc -plugin-opt=-pass-through=-lgcc_s -plugin-opt=-pass-through=-lgcc --sysroot=/ --build-id --eh-frame-hdr -dynamic-linker /lib/ld-linux.so.3 -X --hash-style=gnu --as-needed -m armelf_linux_eabi -z relro -o cmTC_db73a /usr/lib/gcc-cross/arm-linux-gnueabi/5/../../../../arm-linux-gnueabi/lib/../lib/crt1.o /usr/lib/gcc-cross/arm-linux-gnueabi/5/../../../../arm-linux-gnueabi/lib/../lib/crti.o /usr/lib/gcc-cross/arm-linux-gnueabi/5/crtbegin.o -L/usr/lib/gcc-cross/arm-linux-gnueabi/5 -L/usr/lib/gcc-cross/arm-linux-gnueabi/5/../../../../arm-linux-gnueabi/lib/../lib -L/lib/../lib -L/usr/lib/../lib -L/usr/lib/gcc-cross/arm-linux-gnueabi/5/../../../../arm-linux-gnueabi/lib CMakeFiles/cmTC_db73a.dir/CMakeCXXCompilerABI.cpp.o -lstdc++ -lm -lgcc_s -lgcc -lc -lgcc_s -lgcc /usr/lib/gcc-cross/arm-linux-gnueabi/5/crtend.o /usr/lib/gcc-cross/arm-linux-gnueabi/5/../../../../arm-linux-gnueabi/lib/../lib/crtn.o]
    arg [/usr/lib/gcc-cross/arm-linux-gnueabi/5/collect2] ==> ignore
    arg [-plugin] ==> ignore
    arg [/usr/lib/gcc-cross/arm-linux-gnueabi/5/liblto_plugin.so] ==> ignore
    arg [-plugin-opt=/usr/lib/gcc-cross/arm-linux-gnueabi/5/lto-wrapper] ==> ignore
    arg [-plugin-opt=-fresolution=/tmp/cc7DpWjx.res] ==> ignore
    arg [-plugin-opt=-pass-through=-lgcc_s] ==> ignore
    arg [-plugin-opt=-pass-through=-lgcc] ==> ignore
    arg [-plugin-opt=-pass-through=-lc] ==> ignore
    arg [-plugin-opt=-pass-through=-lgcc_s] ==> ignore
    arg [-plugin-opt=-pass-through=-lgcc] ==> ignore
    arg [--sysroot=/] ==> ignore
    arg [--build-id] ==> ignore
    arg [--eh-frame-hdr] ==> ignore
    arg [-dynamic-linker] ==> ignore
    arg [/lib/ld-linux.so.3] ==> ignore
    arg [-X] ==> ignore
    arg [--hash-style=gnu] ==> ignore
    arg [--as-needed] ==> ignore
    arg [-m] ==> ignore
    arg [armelf_linux_eabi] ==> ignore
    arg [-zrelro] ==> ignore
    arg [-o] ==> ignore
    arg [cmTC_db73a] ==> ignore
    arg [/usr/lib/gcc-cross/arm-linux-gnueabi/5/../../../../arm-linux-gnueabi/lib/../lib/crt1.o] ==> ignore
    arg [/usr/lib/gcc-cross/arm-linux-gnueabi/5/../../../../arm-linux-gnueabi/lib/../lib/crti.o] ==> ignore
    arg [/usr/lib/gcc-cross/arm-linux-gnueabi/5/crtbegin.o] ==> ignore
    arg [-L/usr/lib/gcc-cross/arm-linux-gnueabi/5] ==> dir [/usr/lib/gcc-cross/arm-linux-gnueabi/5]
    arg [-L/usr/lib/gcc-cross/arm-linux-gnueabi/5/../../../../arm-linux-gnueabi/lib/../lib] ==> dir [/usr/lib/gcc-cross/arm-linux-gnueabi/5/../../../../arm-linux-gnueabi/lib/../lib]
    arg [-L/lib/../lib] ==> dir [/lib/../lib]
    arg [-L/usr/lib/../lib] ==> dir [/usr/lib/../lib]
    arg [-L/usr/lib/gcc-cross/arm-linux-gnueabi/5/../../../../arm-linux-gnueabi/lib] ==> dir [/usr/lib/gcc-cross/arm-linux-gnueabi/5/../../../../arm-linux-gnueabi/lib]
    arg [CMakeFiles/cmTC_db73a.dir/CMakeCXXCompilerABI.cpp.o] ==> ignore
    arg [-lstdc++] ==> lib [stdc++]
    arg [-lm] ==> lib [m]
    arg [-lgcc_s] ==> lib [gcc_s]
    arg [-lgcc] ==> lib [gcc]
    arg [-lc] ==> lib [c]
    arg [-lgcc_s] ==> lib [gcc_s]
    arg [-lgcc] ==> lib [gcc]
    arg [/usr/lib/gcc-cross/arm-linux-gnueabi/5/crtend.o] ==> ignore
    arg [/usr/lib/gcc-cross/arm-linux-gnueabi/5/../../../../arm-linux-gnueabi/lib/../lib/crtn.o] ==> ignore
  collapse library dir [/usr/lib/gcc-cross/arm-linux-gnueabi/5] ==> [/usr/lib/gcc-cross/arm-linux-gnueabi/5]
  collapse library dir [/usr/lib/gcc-cross/arm-linux-gnueabi/5/../../../../arm-linux-gnueabi/lib/../lib] ==> [/usr/arm-linux-gnueabi/lib]
  collapse library dir [/lib/../lib] ==> [/lib]
  collapse library dir [/usr/lib/../lib] ==> [/usr/lib]
  collapse library dir [/usr/lib/gcc-cross/arm-linux-gnueabi/5/../../../../arm-linux-gnueabi/lib] ==> [/usr/arm-linux-gnueabi/lib]
  implicit libs: [stdc++;m;gcc_s;gcc;c;gcc_s;gcc]
  implicit dirs: [/usr/lib/gcc-cross/arm-linux-gnueabi/5;/usr/arm-linux-gnueabi/lib;/lib;/usr/lib]
  implicit fwks: []




Detecting CXX [-std=c++1z] compiler features compiled with the following output:
Change Dir: /home/shenjun/development/ttsDemo/cmake-build-debug-arm-linux-gnueabi/CMakeFiles/CMakeTmp

Run Build Command:"/usr/bin/make" "cmTC_ed7d0/fast"
/usr/bin/make -f CMakeFiles/cmTC_ed7d0.dir/build.make CMakeFiles/cmTC_ed7d0.dir/build
make[1]: Entering directory '/home/shenjun/development/ttsDemo/cmake-build-debug-arm-linux-gnueabi/CMakeFiles/CMakeTmp'
Building CXX object CMakeFiles/cmTC_ed7d0.dir/feature_tests.cxx.o
/usr/bin/arm-linux-gnueabi-g++    -std=c++1z -o CMakeFiles/cmTC_ed7d0.dir/feature_tests.cxx.o -c /home/shenjun/development/ttsDemo/cmake-build-debug-arm-linux-gnueabi/CMakeFiles/feature_tests.cxx
Linking CXX executable cmTC_ed7d0
/home/shenjun/tools/cmake-3.12.2/bin/cmake -E cmake_link_script CMakeFiles/cmTC_ed7d0.dir/link.txt --verbose=1
/usr/bin/arm-linux-gnueabi-g++       CMakeFiles/cmTC_ed7d0.dir/feature_tests.cxx.o  -o cmTC_ed7d0 
make[1]: Leaving directory '/home/shenjun/development/ttsDemo/cmake-build-debug-arm-linux-gnueabi/CMakeFiles/CMakeTmp'


    Feature record: CXX_FEATURE:1cxx_aggregate_default_initializers
    Feature record: CXX_FEATURE:1cxx_alias_templates
    Feature record: CXX_FEATURE:1cxx_alignas
    Feature record: CXX_FEATURE:1cxx_alignof
    Feature record: CXX_FEATURE:1cxx_attributes
    Feature record: CXX_FEATURE:1cxx_attribute_deprecated
    Feature record: CXX_FEATURE:1cxx_auto_type
    Feature record: CXX_FEATURE:1cxx_binary_literals
    Feature record: CXX_FEATURE:1cxx_constexpr
    Feature record: CXX_FEATURE:1cxx_contextual_conversions
    Feature record: CXX_FEATURE:1cxx_decltype
    Feature record: CXX_FEATURE:1cxx_decltype_auto
    Feature record: CXX_FEATURE:1cxx_decltype_incomplete_return_types
    Feature record: CXX_FEATURE:1cxx_default_function_template_args
    Feature record: CXX_FEATURE:1cxx_defaulted_functions
    Feature record: CXX_FEATURE:1cxx_defaulted_move_initializers
    Feature record: CXX_FEATURE:1cxx_delegating_constructors
    Feature record: CXX_FEATURE:1cxx_deleted_functions
    Feature record: CXX_FEATURE:1cxx_digit_separators
    Feature record: CXX_FEATURE:1cxx_enum_forward_declarations
    Feature record: CXX_FEATURE:1cxx_explicit_conversions
    Feature record: CXX_FEATURE:1cxx_extended_friend_declarations
    Feature record: CXX_FEATURE:1cxx_extern_templates
    Feature record: CXX_FEATURE:1cxx_final
    Feature record: CXX_FEATURE:1cxx_func_identifier
    Feature record: CXX_FEATURE:1cxx_generalized_initializers
    Feature record: CXX_FEATURE:1cxx_generic_lambdas
    Feature record: CXX_FEATURE:1cxx_inheriting_constructors
    Feature record: CXX_FEATURE:1cxx_inline_namespaces
    Feature record: CXX_FEATURE:1cxx_lambdas
    Feature record: CXX_FEATURE:1cxx_lambda_init_captures
    Feature record: CXX_FEATURE:1cxx_local_type_template_args
    Feature record: CXX_FEATURE:1cxx_long_long_type
    Feature record: CXX_FEATURE:1cxx_noexcept
    Feature record: CXX_FEATURE:1cxx_nonstatic_member_init
    Feature record: CXX_FEATURE:1cxx_nullptr
    Feature record: CXX_FEATURE:1cxx_override
    Feature record: CXX_FEATURE:1cxx_range_for
    Feature record: CXX_FEATURE:1cxx_raw_string_literals
    Feature record: CXX_FEATURE:1cxx_reference_qualified_functions
    Feature record: CXX_FEATURE:1cxx_relaxed_constexpr
    Feature record: CXX_FEATURE:1cxx_return_type_deduction
    Feature record: CXX_FEATURE:1cxx_right_angle_brackets
    Feature record: CXX_FEATURE:1cxx_rvalue_references
    Feature record: CXX_FEATURE:1cxx_sizeof_member
    Feature record: CXX_FEATURE:1cxx_static_assert
    Feature record: CXX_FEATURE:1cxx_strong_enums
    Feature record: CXX_FEATURE:1cxx_template_template_parameters
    Feature record: CXX_FEATURE:1cxx_thread_local
    Feature record: CXX_FEATURE:1cxx_trailing_return_types
    Feature record: CXX_FEATURE:1cxx_unicode_literals
    Feature record: CXX_FEATURE:1cxx_uniform_initialization
    Feature record: CXX_FEATURE:1cxx_unrestricted_unions
    Feature record: CXX_FEATURE:1cxx_user_literals
    Feature record: CXX_FEATURE:1cxx_variable_templates
    Feature record: CXX_FEATURE:1cxx_variadic_macros
    Feature record: CXX_FEATURE:1cxx_variadic_templates


Detecting CXX [-std=c++14] compiler features compiled with the following output:
Change Dir: /home/shenjun/development/ttsDemo/cmake-build-debug-arm-linux-gnueabi/CMakeFiles/CMakeTmp

Run Build Command:"/usr/bin/make" "cmTC_d4f30/fast"
/usr/bin/make -f CMakeFiles/cmTC_d4f30.dir/build.make CMakeFiles/cmTC_d4f30.dir/build
make[1]: Entering directory '/home/shenjun/development/ttsDemo/cmake-build-debug-arm-linux-gnueabi/CMakeFiles/CMakeTmp'
Building CXX object CMakeFiles/cmTC_d4f30.dir/feature_tests.cxx.o
/usr/bin/arm-linux-gnueabi-g++    -std=c++14 -o CMakeFiles/cmTC_d4f30.dir/feature_tests.cxx.o -c /home/shenjun/development/ttsDemo/cmake-build-debug-arm-linux-gnueabi/CMakeFiles/feature_tests.cxx
Linking CXX executable cmTC_d4f30
/home/shenjun/tools/cmake-3.12.2/bin/cmake -E cmake_link_script CMakeFiles/cmTC_d4f30.dir/link.txt --verbose=1
/usr/bin/arm-linux-gnueabi-g++       CMakeFiles/cmTC_d4f30.dir/feature_tests.cxx.o  -o cmTC_d4f30 
make[1]: Leaving directory '/home/shenjun/development/ttsDemo/cmake-build-debug-arm-linux-gnueabi/CMakeFiles/CMakeTmp'


    Feature record: CXX_FEATURE:1cxx_aggregate_default_initializers
    Feature record: CXX_FEATURE:1cxx_alias_templates
    Feature record: CXX_FEATURE:1cxx_alignas
    Feature record: CXX_FEATURE:1cxx_alignof
    Feature record: CXX_FEATURE:1cxx_attributes
    Feature record: CXX_FEATURE:1cxx_attribute_deprecated
    Feature record: CXX_FEATURE:1cxx_auto_type
    Feature record: CXX_FEATURE:1cxx_binary_literals
    Feature record: CXX_FEATURE:1cxx_constexpr
    Feature record: CXX_FEATURE:1cxx_contextual_conversions
    Feature record: CXX_FEATURE:1cxx_decltype
    Feature record: CXX_FEATURE:1cxx_decltype_auto
    Feature record: CXX_FEATURE:1cxx_decltype_incomplete_return_types
    Feature record: CXX_FEATURE:1cxx_default_function_template_args
    Feature record: CXX_FEATURE:1cxx_defaulted_functions
    Feature record: CXX_FEATURE:1cxx_defaulted_move_initializers
    Feature record: CXX_FEATURE:1cxx_delegating_constructors
    Feature record: CXX_FEATURE:1cxx_deleted_functions
    Feature record: CXX_FEATURE:1cxx_digit_separators
    Feature record: CXX_FEATURE:1cxx_enum_forward_declarations
    Feature record: CXX_FEATURE:1cxx_explicit_conversions
    Feature record: CXX_FEATURE:1cxx_extended_friend_declarations
    Feature record: CXX_FEATURE:1cxx_extern_templates
    Feature record: CXX_FEATURE:1cxx_final
    Feature record: CXX_FEATURE:1cxx_func_identifier
    Feature record: CXX_FEATURE:1cxx_generalized_initializers
    Feature record: CXX_FEATURE:1cxx_generic_lambdas
    Feature record: CXX_FEATURE:1cxx_inheriting_constructors
    Feature record: CXX_FEATURE:1cxx_inline_namespaces
    Feature record: CXX_FEATURE:1cxx_lambdas
    Feature record: CXX_FEATURE:1cxx_lambda_init_captures
    Feature record: CXX_FEATURE:1cxx_local_type_template_args
    Feature record: CXX_FEATURE:1cxx_long_long_type
    Feature record: CXX_FEATURE:1cxx_noexcept
    Feature record: CXX_FEATURE:1cxx_nonstatic_member_init
    Feature record: CXX_FEATURE:1cxx_nullptr
    Feature record: CXX_FEATURE:1cxx_override
    Feature record: CXX_FEATURE:1cxx_range_for
    Feature record: CXX_FEATURE:1cxx_raw_string_literals
    Feature record: CXX_FEATURE:1cxx_reference_qualified_functions
    Feature record: CXX_FEATURE:1cxx_relaxed_constexpr
    Feature record: CXX_FEATURE:1cxx_return_type_deduction
    Feature record: CXX_FEATURE:1cxx_right_angle_brackets
    Feature record: CXX_FEATURE:1cxx_rvalue_references
    Feature record: CXX_FEATURE:1cxx_sizeof_member
    Feature record: CXX_FEATURE:1cxx_static_assert
    Feature record: CXX_FEATURE:1cxx_strong_enums
    Feature record: CXX_FEATURE:1cxx_template_template_parameters
    Feature record: CXX_FEATURE:1cxx_thread_local
    Feature record: CXX_FEATURE:1cxx_trailing_return_types
    Feature record: CXX_FEATURE:1cxx_unicode_literals
    Feature record: CXX_FEATURE:1cxx_uniform_initialization
    Feature record: CXX_FEATURE:1cxx_unrestricted_unions
    Feature record: CXX_FEATURE:1cxx_user_literals
    Feature record: CXX_FEATURE:1cxx_variable_templates
    Feature record: CXX_FEATURE:1cxx_variadic_macros
    Feature record: CXX_FEATURE:1cxx_variadic_templates


Detecting CXX [-std=c++11] compiler features compiled with the following output:
Change Dir: /home/shenjun/development/ttsDemo/cmake-build-debug-arm-linux-gnueabi/CMakeFiles/CMakeTmp

Run Build Command:"/usr/bin/make" "cmTC_34275/fast"
/usr/bin/make -f CMakeFiles/cmTC_34275.dir/build.make CMakeFiles/cmTC_34275.dir/build
make[1]: Entering directory '/home/shenjun/development/ttsDemo/cmake-build-debug-arm-linux-gnueabi/CMakeFiles/CMakeTmp'
Building CXX object CMakeFiles/cmTC_34275.dir/feature_tests.cxx.o
/usr/bin/arm-linux-gnueabi-g++    -std=c++11 -o CMakeFiles/cmTC_34275.dir/feature_tests.cxx.o -c /home/shenjun/development/ttsDemo/cmake-build-debug-arm-linux-gnueabi/CMakeFiles/feature_tests.cxx
Linking CXX executable cmTC_34275
/home/shenjun/tools/cmake-3.12.2/bin/cmake -E cmake_link_script CMakeFiles/cmTC_34275.dir/link.txt --verbose=1
/usr/bin/arm-linux-gnueabi-g++       CMakeFiles/cmTC_34275.dir/feature_tests.cxx.o  -o cmTC_34275 
make[1]: Leaving directory '/home/shenjun/development/ttsDemo/cmake-build-debug-arm-linux-gnueabi/CMakeFiles/CMakeTmp'


    Feature record: CXX_FEATURE:0cxx_aggregate_default_initializers
    Feature record: CXX_FEATURE:1cxx_alias_templates
    Feature record: CXX_FEATURE:1cxx_alignas
    Feature record: CXX_FEATURE:1cxx_alignof
    Feature record: CXX_FEATURE:1cxx_attributes
    Feature record: CXX_FEATURE:0cxx_attribute_deprecated
    Feature record: CXX_FEATURE:1cxx_auto_type
    Feature record: CXX_FEATURE:0cxx_binary_literals
    Feature record: CXX_FEATURE:1cxx_constexpr
    Feature record: CXX_FEATURE:0cxx_contextual_conversions
    Feature record: CXX_FEATURE:1cxx_decltype
    Feature record: CXX_FEATURE:0cxx_decltype_auto
    Feature record: CXX_FEATURE:1cxx_decltype_incomplete_return_types
    Feature record: CXX_FEATURE:1cxx_default_function_template_args
    Feature record: CXX_FEATURE:1cxx_defaulted_functions
    Feature record: CXX_FEATURE:1cxx_defaulted_move_initializers
    Feature record: CXX_FEATURE:1cxx_delegating_constructors
    Feature record: CXX_FEATURE:1cxx_deleted_functions
    Feature record: CXX_FEATURE:0cxx_digit_separators
    Feature record: CXX_FEATURE:1cxx_enum_forward_declarations
    Feature record: CXX_FEATURE:1cxx_explicit_conversions
    Feature record: CXX_FEATURE:1cxx_extended_friend_declarations
    Feature record: CXX_FEATURE:1cxx_extern_templates
    Feature record: CXX_FEATURE:1cxx_final
    Feature record: CXX_FEATURE:1cxx_func_identifier
    Feature record: CXX_FEATURE:1cxx_generalized_initializers
    Feature record: CXX_FEATURE:0cxx_generic_lambdas
    Feature record: CXX_FEATURE:1cxx_inheriting_constructors
    Feature record: CXX_FEATURE:1cxx_inline_namespaces
    Feature record: CXX_FEATURE:1cxx_lambdas
    Feature record: CXX_FEATURE:0cxx_lambda_init_captures
    Feature record: CXX_FEATURE:1cxx_local_type_template_args
    Feature record: CXX_FEATURE:1cxx_long_long_type
    Feature record: CXX_FEATURE:1cxx_noexcept
    Feature record: CXX_FEATURE:1cxx_nonstatic_member_init
    Feature record: CXX_FEATURE:1cxx_nullptr
    Feature record: CXX_FEATURE:1cxx_override
    Feature record: CXX_FEATURE:1cxx_range_for
    Feature record: CXX_FEATURE:1cxx_raw_string_literals
    Feature record: CXX_FEATURE:1cxx_reference_qualified_functions
    Feature record: CXX_FEATURE:0cxx_relaxed_constexpr
    Feature record: CXX_FEATURE:0cxx_return_type_deduction
    Feature record: CXX_FEATURE:1cxx_right_angle_brackets
    Feature record: CXX_FEATURE:1cxx_rvalue_references
    Feature record: CXX_FEATURE:1cxx_sizeof_member
    Feature record: CXX_FEATURE:1cxx_static_assert
    Feature record: CXX_FEATURE:1cxx_strong_enums
    Feature record: CXX_FEATURE:1cxx_template_template_parameters
    Feature record: CXX_FEATURE:1cxx_thread_local
    Feature record: CXX_FEATURE:1cxx_trailing_return_types
    Feature record: CXX_FEATURE:1cxx_unicode_literals
    Feature record: CXX_FEATURE:1cxx_uniform_initialization
    Feature record: CXX_FEATURE:1cxx_unrestricted_unions
    Feature record: CXX_FEATURE:1cxx_user_literals
    Feature record: CXX_FEATURE:0cxx_variable_templates
    Feature record: CXX_FEATURE:1cxx_variadic_macros
    Feature record: CXX_FEATURE:1cxx_variadic_templates


Detecting CXX [-std=c++98] compiler features compiled with the following output:
Change Dir: /home/shenjun/development/ttsDemo/cmake-build-debug-arm-linux-gnueabi/CMakeFiles/CMakeTmp

Run Build Command:"/usr/bin/make" "cmTC_b307c/fast"
/usr/bin/make -f CMakeFiles/cmTC_b307c.dir/build.make CMakeFiles/cmTC_b307c.dir/build
make[1]: Entering directory '/home/shenjun/development/ttsDemo/cmake-build-debug-arm-linux-gnueabi/CMakeFiles/CMakeTmp'
Building CXX object CMakeFiles/cmTC_b307c.dir/feature_tests.cxx.o
/usr/bin/arm-linux-gnueabi-g++    -std=c++98 -o CMakeFiles/cmTC_b307c.dir/feature_tests.cxx.o -c /home/shenjun/development/ttsDemo/cmake-build-debug-arm-linux-gnueabi/CMakeFiles/feature_tests.cxx
Linking CXX executable cmTC_b307c
/home/shenjun/tools/cmake-3.12.2/bin/cmake -E cmake_link_script CMakeFiles/cmTC_b307c.dir/link.txt --verbose=1
/usr/bin/arm-linux-gnueabi-g++       CMakeFiles/cmTC_b307c.dir/feature_tests.cxx.o  -o cmTC_b307c 
make[1]: Leaving directory '/home/shenjun/development/ttsDemo/cmake-build-debug-arm-linux-gnueabi/CMakeFiles/CMakeTmp'


    Feature record: CXX_FEATURE:0cxx_aggregate_default_initializers
    Feature record: CXX_FEATURE:0cxx_alias_templates
    Feature record: CXX_FEATURE:0cxx_alignas
    Feature record: CXX_FEATURE:0cxx_alignof
    Feature record: CXX_FEATURE:0cxx_attributes
    Feature record: CXX_FEATURE:0cxx_attribute_deprecated
    Feature record: CXX_FEATURE:0cxx_auto_type
    Feature record: CXX_FEATURE:0cxx_binary_literals
    Feature record: CXX_FEATURE:0cxx_constexpr
    Feature record: CXX_FEATURE:0cxx_contextual_conversions
    Feature record: CXX_FEATURE:0cxx_decltype
    Feature record: CXX_FEATURE:0cxx_decltype_auto
    Feature record: CXX_FEATURE:0cxx_decltype_incomplete_return_types
    Feature record: CXX_FEATURE:0cxx_default_function_template_args
    Feature record: CXX_FEATURE:0cxx_defaulted_functions
    Feature record: CXX_FEATURE:0cxx_defaulted_move_initializers
    Feature record: CXX_FEATURE:0cxx_delegating_constructors
    Feature record: CXX_FEATURE:0cxx_deleted_functions
    Feature record: CXX_FEATURE:0cxx_digit_separators
    Feature record: CXX_FEATURE:0cxx_enum_forward_declarations
    Feature record: CXX_FEATURE:0cxx_explicit_conversions
    Feature record: CXX_FEATURE:0cxx_extended_friend_declarations
    Feature record: CXX_FEATURE:0cxx_extern_templates
    Feature record: CXX_FEATURE:0cxx_final
    Feature record: CXX_FEATURE:0cxx_func_identifier
    Feature record: CXX_FEATURE:0cxx_generalized_initializers
    Feature record: CXX_FEATURE:0cxx_generic_lambdas
    Feature record: CXX_FEATURE:0cxx_inheriting_constructors
    Feature record: CXX_FEATURE:0cxx_inline_namespaces
    Feature record: CXX_FEATURE:0cxx_lambdas
    Feature record: CXX_FEATURE:0cxx_lambda_init_captures
    Feature record: CXX_FEATURE:0cxx_local_type_template_args
    Feature record: CXX_FEATURE:0cxx_long_long_type
    Feature record: CXX_FEATURE:0cxx_noexcept
    Feature record: CXX_FEATURE:0cxx_nonstatic_member_init
    Feature record: CXX_FEATURE:0cxx_nullptr
    Feature record: CXX_FEATURE:0cxx_override
    Feature record: CXX_FEATURE:0cxx_range_for
    Feature record: CXX_FEATURE:0cxx_raw_string_literals
    Feature record: CXX_FEATURE:0cxx_reference_qualified_functions
    Feature record: CXX_FEATURE:0cxx_relaxed_constexpr
    Feature record: CXX_FEATURE:0cxx_return_type_deduction
    Feature record: CXX_FEATURE:0cxx_right_angle_brackets
    Feature record: CXX_FEATURE:0cxx_rvalue_references
    Feature record: CXX_FEATURE:0cxx_sizeof_member
    Feature record: CXX_FEATURE:0cxx_static_assert
    Feature record: CXX_FEATURE:0cxx_strong_enums
    Feature record: CXX_FEATURE:1cxx_template_template_parameters
    Feature record: CXX_FEATURE:0cxx_thread_local
    Feature record: CXX_FEATURE:0cxx_trailing_return_types
    Feature record: CXX_FEATURE:0cxx_unicode_literals
    Feature record: CXX_FEATURE:0cxx_uniform_initialization
    Feature record: CXX_FEATURE:0cxx_unrestricted_unions
    Feature record: CXX_FEATURE:0cxx_user_literals
    Feature record: CXX_FEATURE:0cxx_variable_templates
    Feature record: CXX_FEATURE:0cxx_variadic_macros
    Feature record: CXX_FEATURE:0cxx_variadic_templates
